31753 execve("./client", ["./client"], 0x7ffd93b41bc0 /* 16 vars */) = 0
31753 brk(NULL)                         = 0x6138654fd000
31753 access("/etc/ld.so.preload", R_OK) = -1 ENOENT (Нет такого файла или каталога)
31753 openat(AT_FDCWD, "/etc/ld.so.cache", O_RDONLY|O_CLOEXEC) = 3
31753 fstat(3, {st_mode=S_IFREG|0644, st_size=110395, ...}) = 0
31753 mmap(NULL, 110395, PROT_READ, MAP_PRIVATE, 3, 0) = 0x7a44de498000
31753 close(3)                          = 0
31753 openat(AT_FDCWD, "/usr/lib/libstdc++.so.6", O_RDONLY|O_CLOEXEC) = 3
31753 read(3, "\177ELF\2\1\1\3\0\0\0\0\0\0\0\0\3\0>\0\1\0\0\0\0\0\0\0\0\0\0\0"..., 832) = 832
31753 fstat(3, {st_mode=S_IFREG|0755, st_size=21512744, ...}) = 0
31753 mmap(NULL, 8192, PROT_READ|PROT_WRITE, MAP_PRIVATE|MAP_ANONYMOUS, -1, 0) = 0x7a44de496000
31753 mmap(NULL, 2597056, PROT_READ, MAP_PRIVATE|MAP_DENYWRITE, 3, 0) = 0x7a44de200000
31753 mmap(0x7a44de29c000, 1273856, PROT_READ|PROT_EXEC, MAP_PRIVATE|MAP_FIXED|MAP_DENYWRITE, 3, 0x9c000) = 0x7a44de29c000
31753 mmap(0x7a44de3d3000, 614400, PROT_READ, MAP_PRIVATE|MAP_FIXED|MAP_DENYWRITE, 3, 0x1d3000) = 0x7a44de3d3000
31753 mmap(0x7a44de469000, 57344, PROT_READ|PROT_WRITE, MAP_PRIVATE|MAP_FIXED|MAP_DENYWRITE, 3, 0x269000) = 0x7a44de469000
31753 mmap(0x7a44de477000, 12480, PROT_READ|PROT_WRITE, MAP_PRIVATE|MAP_FIXED|MAP_ANONYMOUS, -1, 0) = 0x7a44de477000
31753 close(3)                          = 0
31753 openat(AT_FDCWD, "/usr/lib/libm.so.6", O_RDONLY|O_CLOEXEC) = 3
31753 read(3, "\177ELF\2\1\1\3\0\0\0\0\0\0\0\0\3\0>\0\1\0\0\0\0\0\0\0\0\0\0\0"..., 832) = 832
31753 fstat(3, {st_mode=S_IFREG|0755, st_size=960856, ...}) = 0
31753 mmap(NULL, 962856, PROT_READ, MAP_PRIVATE|MAP_DENYWRITE, 3, 0) = 0x7a44de114000
31753 mmap(0x7a44de122000, 524288, PROT_READ|PROT_EXEC, MAP_PRIVATE|MAP_FIXED|MAP_DENYWRITE, 3, 0xe000) = 0x7a44de122000
31753 mmap(0x7a44de1a2000, 376832, PROT_READ, MAP_PRIVATE|MAP_FIXED|MAP_DENYWRITE, 3, 0x8e000) = 0x7a44de1a2000
31753 mmap(0x7a44de1fe000, 8192, PROT_READ|PROT_WRITE, MAP_PRIVATE|MAP_FIXED|MAP_DENYWRITE, 3, 0xe9000) = 0x7a44de1fe000
31753 close(3)                          = 0
31753 openat(AT_FDCWD, "/usr/lib/libgcc_s.so.1", O_RDONLY|O_CLOEXEC) = 3
31753 read(3, "\177ELF\2\1\1\0\0\0\0\0\0\0\0\0\3\0>\0\1\0\0\0\0\0\0\0\0\0\0\0"..., 832) = 832
31753 fstat(3, {st_mode=S_IFREG|0644, st_size=728120, ...}) = 0
31753 mmap(NULL, 147912, PROT_READ, MAP_PRIVATE|MAP_DENYWRITE, 3, 0) = 0x7a44de0ef000
31753 mmap(0x7a44de0f3000, 110592, PROT_READ|PROT_EXEC, MAP_PRIVATE|MAP_FIXED|MAP_DENYWRITE, 3, 0x4000) = 0x7a44de0f3000
31753 mmap(0x7a44de10e000, 16384, PROT_READ, MAP_PRIVATE|MAP_FIXED|MAP_DENYWRITE, 3, 0x1f000) = 0x7a44de10e000
31753 mmap(0x7a44de112000, 8192, PROT_READ|PROT_WRITE, MAP_PRIVATE|MAP_FIXED|MAP_DENYWRITE, 3, 0x22000) = 0x7a44de112000
31753 close(3)                          = 0
31753 openat(AT_FDCWD, "/usr/lib/libc.so.6", O_RDONLY|O_CLOEXEC) = 3
31753 read(3, "\177ELF\2\1\1\3\0\0\0\0\0\0\0\0\3\0>\0\1\0\0\0\220^\2\0\0\0\0\0"..., 832) = 832
31753 pread64(3, "\6\0\0\0\4\0\0\0@\0\0\0\0\0\0\0@\0\0\0\0\0\0\0@\0\0\0\0\0\0\0"..., 784, 64) = 784
31753 fstat(3, {st_mode=S_IFREG|0755, st_size=1948952, ...}) = 0
31753 pread64(3, "\6\0\0\0\4\0\0\0@\0\0\0\0\0\0\0@\0\0\0\0\0\0\0@\0\0\0\0\0\0\0"..., 784, 64) = 784
31753 mmap(NULL, 1973104, PROT_READ, MAP_PRIVATE|MAP_DENYWRITE, 3, 0) = 0x7a44ddf0d000
31753 mmap(0x7a44ddf31000, 1421312, PROT_READ|PROT_EXEC, MAP_PRIVATE|MAP_FIXED|MAP_DENYWRITE, 3, 0x24000) = 0x7a44ddf31000
31753 mmap(0x7a44de08c000, 348160, PROT_READ, MAP_PRIVATE|MAP_FIXED|MAP_DENYWRITE, 3, 0x17f000) = 0x7a44de08c000
31753 mmap(0x7a44de0e1000, 24576, PROT_READ|PROT_WRITE, MAP_PRIVATE|MAP_FIXED|MAP_DENYWRITE, 3, 0x1d3000) = 0x7a44de0e1000
31753 mmap(0x7a44de0e7000, 31600, PROT_READ|PROT_WRITE, MAP_PRIVATE|MAP_FIXED|MAP_ANONYMOUS, -1, 0) = 0x7a44de0e7000
31753 close(3)                          = 0
31753 mmap(NULL, 8192, PROT_READ|PROT_WRITE, MAP_PRIVATE|MAP_ANONYMOUS, -1, 0) = 0x7a44de494000
31753 arch_prctl(ARCH_SET_FS, 0x7a44de495500) = 0
31753 set_tid_address(0x7a44de4957d0)   = 31753
31753 set_robust_list(0x7a44de4957e0, 24) = 0
31753 rseq(0x7a44de495e20, 0x20, 0, 0x53053053) = 0
31753 mprotect(0x7a44de0e1000, 16384, PROT_READ) = 0
31753 mprotect(0x7a44de112000, 4096, PROT_READ) = 0
31753 mprotect(0x7a44de1fe000, 4096, PROT_READ) = 0
31753 mmap(NULL, 8192, PROT_READ|PROT_WRITE, MAP_PRIVATE|MAP_ANONYMOUS, -1, 0) = 0x7a44de492000
31753 mprotect(0x7a44de469000, 53248, PROT_READ) = 0
31753 mprotect(0x61386470f000, 4096, PROT_READ) = 0
31753 mprotect(0x7a44de4e6000, 8192, PROT_READ) = 0
31753 prlimit64(0, RLIMIT_STACK, NULL, {rlim_cur=8192*1024, rlim_max=RLIM64_INFINITY}) = 0
31753 munmap(0x7a44de498000, 110395)    = 0
31753 futex(0x7a44de4776fc, FUTEX_WAKE_PRIVATE, 2147483647) = 0
31753 getrandom("\xda\x26\xd2\xb9\x36\x13\xcc\x14", 8, GRND_NONBLOCK) = 8
31753 brk(NULL)                         = 0x6138654fd000
31753 brk(0x61386551e000)               = 0x61386551e000
31753 fstat(1, {st_mode=S_IFCHR|0620, st_rdev=makedev(0x88, 0x5), ...}) = 0
31753 write(1, "Enter your login (max length 11)"..., 34) = 34
31753 fstat(0, {st_mode=S_IFCHR|0620, st_rdev=makedev(0x88, 0x5), ...}) = 0
31753 read(0, "qwerty\n", 1024)         = 7
31753 access("./tmp/qwerty_req", F_OK)  = -1 ENOENT (Нет такого файла или каталога)
31753 access("./tmp/qwerty_rep", F_OK)  = -1 ENOENT (Нет такого файла или каталога)
31753 mknodat(AT_FDCWD, "./tmp/qwerty_req", S_IFIFO|002) = 0
31753 openat(AT_FDCWD, "./tmp/qwerty_req", O_RDWR) = 3
31753 mknodat(AT_FDCWD, "./tmp/qwerty_rep", S_IFIFO|002) = 0
31753 openat(AT_FDCWD, "./tmp/qwerty_rep", O_RDWR) = 4
31753 write(1, "Do you want to send the invite t"..., 58) = 58
31753 read(0, "y\n", 1024)              = 2
31753 write(3, "y\0", 2)                = 2
31753 write(1, "Enter player's login: ", 22) = 22
31753 read(0, "zxcvb\n", 1024)          = 6
31753 write(3, "zxcvb\0", 6)            = 6
31753 read(4, "y\0", 2)                 = 2
31753 write(1, "The player zxcvb accepted your i"..., 39) = 39
31753 lseek(0, -1, SEEK_CUR)            = -1 ESPIPE (Недопустимая операция смещения)
31753 openat(AT_FDCWD, "in", O_RDONLY)  = 5
31753 dup3(5, 0, 0)                     = 0
31753 close(5)                          = 0
31753 write(1, "Start...\n", 9)         = 9
31753 write(1, "Set your ships:\n", 16) = 16
31753 write(1, "  0 1 2 3 4 5 6 7 8 9 \t  0 1 2 3"..., 46) = 46
31753 write(1, "A . . . . . . . . . . \tA . . . ."..., 46) = 46
31753 write(1, "B . . . . . . . . . . \tB . . . ."..., 46) = 46
31753 write(1, "C . . . . . . . . . . \tC . . . ."..., 46) = 46
31753 write(1, "D . . . . . . . . . . \tD . . . ."..., 46) = 46
31753 write(1, "E . . . . . . . . . . \tE . . . ."..., 46) = 46
31753 write(1, "F . . . . . . . . . . \tF . . . ."..., 46) = 46
31753 write(1, "G . . . . . . . . . . \tG . . . ."..., 46) = 46
31753 write(1, "H . . . . . . . . . . \tH . . . ."..., 46) = 46
31753 write(1, "I . . . . . . . . . . \tI . . . ."..., 46) = 46
31753 write(1, "J . . . . . . . . . . \tJ . . . ."..., 46) = 46
31753 write(1, "Enter the coordinates of the 4-d"..., 61) = 61
31753 fstat(0, {st_mode=S_IFREG|0644, st_size=124, ...}) = 0
31753 read(0, "A0 A3\nA5 A7\nC0 C2\nC4 C5 \nC7 C8\nE"..., 4096) = 124
31753 write(1, "  0 1 2 3 4 5 6 7 8 9 \t  0 1 2 3"..., 46) = 46
31753 write(1, "A # # # # . . . . . . \tA . . . ."..., 46) = 46
31753 write(1, "B . . . . . . . . . . \tB . . . ."..., 46) = 46
31753 write(1, "C . . . . . . . . . . \tC . . . ."..., 46) = 46
31753 write(1, "D . . . . . . . . . . \tD . . . ."..., 46) = 46
31753 write(1, "E . . . . . . . . . . \tE . . . ."..., 46) = 46
31753 write(1, "F . . . . . . . . . . \tF . . . ."..., 46) = 46
31753 write(1, "G . . . . . . . . . . \tG . . . ."..., 46) = 46
31753 write(1, "H . . . . . . . . . . \tH . . . ."..., 46) = 46
31753 write(1, "I . . . . . . . . . . \tI . . . ."..., 46) = 46
31753 write(1, "J . . . . . . . . . . \tJ . . . ."..., 46) = 46
31753 write(1, "Enter the coordinates of the 3-d"..., 61) = 61
31753 write(1, "  0 1 2 3 4 5 6 7 8 9 \t  0 1 2 3"..., 46) = 46
31753 write(1, "A # # # # . # # # . . \tA . . . ."..., 46) = 46
31753 write(1, "B . . . . . . . . . . \tB . . . ."..., 46) = 46
31753 write(1, "C . . . . . . . . . . \tC . . . ."..., 46) = 46
31753 write(1, "D . . . . . . . . . . \tD . . . ."..., 46) = 46
31753 write(1, "E . . . . . . . . . . \tE . . . ."..., 46) = 46
31753 write(1, "F . . . . . . . . . . \tF . . . ."..., 46) = 46
31753 write(1, "G . . . . . . . . . . \tG . . . ."..., 46) = 46
31753 write(1, "H . . . . . . . . . . \tH . . . ."..., 46) = 46
31753 write(1, "I . . . . . . . . . . \tI . . . ."..., 46) = 46
31753 write(1, "J . . . . . . . . . . \tJ . . . ."..., 46) = 46
31753 write(1, "Enter the coordinates of the 3-d"..., 61) = 61
31753 write(1, "  0 1 2 3 4 5 6 7 8 9 \t  0 1 2 3"..., 46) = 46
31753 write(1, "A # # # # . # # # . . \tA . . . ."..., 46) = 46
31753 write(1, "B . . . . . . . . . . \tB . . . ."..., 46) = 46
31753 write(1, "C # # # . . . . . . . \tC . . . ."..., 46) = 46
31753 write(1, "D . . . . . . . . . . \tD . . . ."..., 46) = 46
31753 write(1, "E . . . . . . . . . . \tE . . . ."..., 46) = 46
31753 write(1, "F . . . . . . . . . . \tF . . . ."..., 46) = 46
31753 write(1, "G . . . . . . . . . . \tG . . . ."..., 46) = 46
31753 write(1, "H . . . . . . . . . . \tH . . . ."..., 46) = 46
31753 write(1, "I . . . . . . . . . . \tI . . . ."..., 46) = 46
31753 write(1, "J . . . . . . . . . . \tJ . . . ."..., 46) = 46
31753 write(1, "Enter the coordinates of the 2-d"..., 61) = 61
31753 write(1, "  0 1 2 3 4 5 6 7 8 9 \t  0 1 2 3"..., 46) = 46
31753 write(1, "A # # # # . # # # . . \tA . . . ."..., 46) = 46
31753 write(1, "B . . . . . . . . . . \tB . . . ."..., 46) = 46
31753 write(1, "C # # # . # # . . . . \tC . . . ."..., 46) = 46
31753 write(1, "D . . . . . . . . . . \tD . . . ."..., 46) = 46
31753 write(1, "E . . . . . . . . . . \tE . . . ."..., 46) = 46
31753 write(1, "F . . . . . . . . . . \tF . . . ."..., 46) = 46
31753 write(1, "G . . . . . . . . . . \tG . . . ."..., 46) = 46
31753 write(1, "H . . . . . . . . . . \tH . . . ."..., 46) = 46
31753 write(1, "I . . . . . . . . . . \tI . . . ."..., 46) = 46
31753 write(1, "J . . . . . . . . . . \tJ . . . ."..., 46) = 46
31753 write(1, "Enter the coordinates of the 2-d"..., 61) = 61
31753 write(1, "  0 1 2 3 4 5 6 7 8 9 \t  0 1 2 3"..., 46) = 46
31753 write(1, "A # # # # . # # # . . \tA . . . ."..., 46) = 46
31753 write(1, "B . . . . . . . . . . \tB . . . ."..., 46) = 46
31753 write(1, "C # # # . # # . # # . \tC . . . ."..., 46) = 46
31753 write(1, "D . . . . . . . . . . \tD . . . ."..., 46) = 46
31753 write(1, "E . . . . . . . . . . \tE . . . ."..., 46) = 46
31753 write(1, "F . . . . . . . . . . \tF . . . ."..., 46) = 46
31753 write(1, "G . . . . . . . . . . \tG . . . ."..., 46) = 46
31753 write(1, "H . . . . . . . . . . \tH . . . ."..., 46) = 46
31753 write(1, "I . . . . . . . . . . \tI . . . ."..., 46) = 46
31753 write(1, "J . . . . . . . . . . \tJ . . . ."..., 46) = 46
31753 write(1, "Enter the coordinates of the 2-d"..., 61) = 61
31753 write(1, "  0 1 2 3 4 5 6 7 8 9 \t  0 1 2 3"..., 46) = 46
31753 write(1, "A # # # # . # # # . . \tA . . . ."..., 46) = 46
31753 write(1, "B . . . . . . . . . . \tB . . . ."..., 46) = 46
31753 write(1, "C # # # . # # . # # . \tC . . . ."..., 46) = 46
31753 write(1, "D . . . . . . . . . . \tD . . . ."..., 46) = 46
31753 write(1, "E # # . . . . . . . . \tE . . . ."..., 46) = 46
31753 write(1, "F . . . . . . . . . . \tF . . . ."..., 46) = 46
31753 write(1, "G . . . . . . . . . . \tG . . . ."..., 46) = 46
31753 write(1, "H . . . . . . . . . . \tH . . . ."..., 46) = 46
31753 write(1, "I . . . . . . . . . . \tI . . . ."..., 46) = 46
31753 write(1, "J . . . . . . . . . . \tJ . . . ."..., 46) = 46
31753 write(1, "Enter the coordinates of the 1-d"..., 58) = 58
31753 write(1, "  0 1 2 3 4 5 6 7 8 9 \t  0 1 2 3"..., 46) = 46
31753 write(1, "A # # # # . # # # . . \tA . . . ."..., 46) = 46
31753 write(1, "B . . . . . . . . . . \tB . . . ."..., 46) = 46
31753 write(1, "C # # # . # # . # # . \tC . . . ."..., 46) = 46
31753 write(1, "D . . . . . . . . . . \tD . . . ."..., 46) = 46
31753 write(1, "E # # . # . . . . . . \tE . . . ."..., 46) = 46
31753 write(1, "F . . . . . . . . . . \tF . . . ."..., 46) = 46
31753 write(1, "G . . . . . . . . . . \tG . . . ."..., 46) = 46
31753 write(1, "H . . . . . . . . . . \tH . . . ."..., 46) = 46
31753 write(1, "I . . . . . . . . . . \tI . . . ."..., 46) = 46
31753 write(1, "J . . . . . . . . . . \tJ . . . ."..., 46) = 46
31753 write(1, "Enter the coordinates of the 1-d"..., 58) = 58
31753 write(1, "  0 1 2 3 4 5 6 7 8 9 \t  0 1 2 3"..., 46) = 46
31753 write(1, "A # # # # . # # # . . \tA . . . ."..., 46) = 46
31753 write(1, "B . . . . . . . . . . \tB . . . ."..., 46) = 46
31753 write(1, "C # # # . # # . # # . \tC . . . ."..., 46) = 46
31753 write(1, "D . . . . . . . . . . \tD . . . ."..., 46) = 46
31753 write(1, "E # # . # . # . . . . \tE . . . ."..., 46) = 46
31753 write(1, "F . . . . . . . . . . \tF . . . ."..., 46) = 46
31753 write(1, "G . . . . . . . . . . \tG . . . ."..., 46) = 46
31753 write(1, "H . . . . . . . . . . \tH . . . ."..., 46) = 46
31753 write(1, "I . . . . . . . . . . \tI . . . ."..., 46) = 46
31753 write(1, "J . . . . . . . . . . \tJ . . . ."..., 46) = 46
31753 write(1, "Enter the coordinates of the 1-d"..., 58) = 58
31753 write(1, "  0 1 2 3 4 5 6 7 8 9 \t  0 1 2 3"..., 46) = 46
31753 write(1, "A # # # # . # # # . . \tA . . . ."..., 46) = 46
31753 write(1, "B . . . . . . . . . . \tB . . . ."..., 46) = 46
31753 write(1, "C # # # . # # . # # . \tC . . . ."..., 46) = 46
31753 write(1, "D . . . . . . . . . . \tD . . . ."..., 46) = 46
31753 write(1, "E # # . # . # . # . . \tE . . . ."..., 46) = 46
31753 write(1, "F . . . . . . . . . . \tF . . . ."..., 46) = 46
31753 write(1, "G . . . . . . . . . . \tG . . . ."..., 46) = 46
31753 write(1, "H . . . . . . . . . . \tH . . . ."..., 46) = 46
31753 write(1, "I . . . . . . . . . . \tI . . . ."..., 46) = 46
31753 write(1, "J . . . . . . . . . . \tJ . . . ."..., 46) = 46
31753 write(1, "Enter the coordinates of the 1-d"..., 58) = 58
31753 write(1, "  0 1 2 3 4 5 6 7 8 9 \t  0 1 2 3"..., 46) = 46
31753 write(1, "A # # # # . # # # . . \tA . . . ."..., 46) = 46
31753 write(1, "B . . . . . . . . . . \tB . . . ."..., 46) = 46
31753 write(1, "C # # # . # # . # # . \tC . . . ."..., 46) = 46
31753 write(1, "D . . . . . . . . . . \tD . . . ."..., 46) = 46
31753 write(1, "E # # . # . # . # . # \tE . . . ."..., 46) = 46
31753 write(1, "F . . . . . . . . . . \tF . . . ."..., 46) = 46
31753 write(1, "G . . . . . . . . . . \tG . . . ."..., 46) = 46
31753 write(1, "H . . . . . . . . . . \tH . . . ."..., 46) = 46
31753 write(1, "I . . . . . . . . . . \tI . . . ."..., 46) = 46
31753 write(1, "J . . . . . . . . . . \tJ . . . ."..., 46) = 46
31753 write(3, "OK\0", 3)               = 3
31753 read(4, "1\0", 2)                 = 2
31753 write(1, "Enter the coordinates of cell to"..., 54) = 54
31753 write(3, "A0\0", 3)               = 3
31753 read(4, "t\0", 2)                 = 2
31753 write(1, "A0: hit!\n", 9)         = 9
31753 write(1, "  0 1 2 3 4 5 6 7 8 9 \t  0 1 2 3"..., 46) = 46
31753 write(1, "A # # # # . # # # . . \tA x . . ."..., 46) = 46
31753 write(1, "B . . . . . . . . . . \tB . . . ."..., 46) = 46
31753 write(1, "C # # # . # # . # # . \tC . . . ."..., 46) = 46
31753 write(1, "D . . . . . . . . . . \tD . . . ."..., 46) = 46
31753 write(1, "E # # . # . # . # . # \tE . . . ."..., 46) = 46
31753 write(1, "F . . . . . . . . . . \tF . . . ."..., 46) = 46
31753 write(1, "G . . . . . . . . . . \tG . . . ."..., 46) = 46
31753 write(1, "H . . . . . . . . . . \tH . . . ."..., 46) = 46
31753 write(1, "I . . . . . . . . . . \tI . . . ."..., 46) = 46
31753 write(1, "J . . . . . . . . . . \tJ . . . ."..., 46) = 46
31753 write(3, "f\0", 2)                = 2
31753 write(1, "Enter the coordinates of cell to"..., 54) = 54
31753 write(3, "A1\0", 3)               = 3
31753 read(4, "t\0", 2)                 = 2
31753 write(1, "A1: hit!\n", 9)         = 9
31753 write(1, "  0 1 2 3 4 5 6 7 8 9 \t  0 1 2 3"..., 46) = 46
31753 write(1, "A # # # # . # # # . . \tA x x . ."..., 46) = 46
31753 write(1, "B . . . . . . . . . . \tB . . . ."..., 46) = 46
31753 write(1, "C # # # . # # . # # . \tC . . . ."..., 46) = 46
31753 write(1, "D . . . . . . . . . . \tD . . . ."..., 46) = 46
31753 write(1, "E # # . # . # . # . # \tE . . . ."..., 46) = 46
31753 write(1, "F . . . . . . . . . . \tF . . . ."..., 46) = 46
31753 write(1, "G . . . . . . . . . . \tG . . . ."..., 46) = 46
31753 write(1, "H . . . . . . . . . . \tH . . . ."..., 46) = 46
31753 write(1, "I . . . . . . . . . . \tI . . . ."..., 46) = 46
31753 write(1, "J . . . . . . . . . . \tJ . . . ."..., 46) = 46
31753 write(3, "f\0", 2)                = 2
31753 write(1, "Enter the coordinates of cell to"..., 54) = 54
31753 write(3, "A2\0", 3)               = 3
31753 read(4, "t\0", 2)                 = 2
31753 write(1, "A2: hit!\n", 9)         = 9
31753 write(1, "  0 1 2 3 4 5 6 7 8 9 \t  0 1 2 3"..., 46) = 46
31753 write(1, "A # # # # . # # # . . \tA x x x ."..., 46) = 46
31753 write(1, "B . . . . . . . . . . \tB . . . ."..., 46) = 46
31753 write(1, "C # # # . # # . # # . \tC . . . ."..., 46) = 46
31753 write(1, "D . . . . . . . . . . \tD . . . ."..., 46) = 46
31753 write(1, "E # # . # . # . # . # \tE . . . ."..., 46) = 46
31753 write(1, "F . . . . . . . . . . \tF . . . ."..., 46) = 46
31753 write(1, "G . . . . . . . . . . \tG . . . ."..., 46) = 46
31753 write(1, "H . . . . . . . . . . \tH . . . ."..., 46) = 46
31753 write(1, "I . . . . . . . . . . \tI . . . ."..., 46) = 46
31753 write(1, "J . . . . . . . . . . \tJ . . . ."..., 46) = 46
31753 write(3, "f\0", 2)                = 2
31753 write(1, "Enter the coordinates of cell to"..., 54) = 54
31753 write(3, "A3\0", 3)               = 3
31753 read(4, "t\0", 2)                 = 2
31753 write(1, "A3: hit!\n", 9)         = 9
31753 write(1, "  0 1 2 3 4 5 6 7 8 9 \t  0 1 2 3"..., 46) = 46
31753 write(1, "A # # # # . # # # . . \tA x x x x"..., 46) = 46
31753 write(1, "B . . . . . . . . . . \tB . . . ."..., 46) = 46
31753 write(1, "C # # # . # # . # # . \tC . . . ."..., 46) = 46
31753 write(1, "D . . . . . . . . . . \tD . . . ."..., 46) = 46
31753 write(1, "E # # . # . # . # . # \tE . . . ."..., 46) = 46
31753 write(1, "F . . . . . . . . . . \tF . . . ."..., 46) = 46
31753 write(1, "G . . . . . . . . . . \tG . . . ."..., 46) = 46
31753 write(1, "H . . . . . . . . . . \tH . . . ."..., 46) = 46
31753 write(1, "I . . . . . . . . . . \tI . . . ."..., 46) = 46
31753 write(1, "J . . . . . . . . . . \tJ . . . ."..., 46) = 46
31753 write(3, "f\0", 2)                = 2
31753 write(1, "Enter the coordinates of cell to"..., 54) = 54
31753 write(3, "A5\0", 3)               = 3
31753 read(4, "t\0", 2)                 = 2
31753 write(1, "A5: hit!\n", 9)         = 9
31753 write(1, "  0 1 2 3 4 5 6 7 8 9 \t  0 1 2 3"..., 46) = 46
31753 write(1, "A # # # # . # # # . . \tA x x x x"..., 46) = 46
31753 write(1, "B . . . . . . . . . . \tB . . . ."..., 46) = 46
31753 write(1, "C # # # . # # . # # . \tC . . . ."..., 46) = 46
31753 write(1, "D . . . . . . . . . . \tD . . . ."..., 46) = 46
31753 write(1, "E # # . # . # . # . # \tE . . . ."..., 46) = 46
31753 write(1, "F . . . . . . . . . . \tF . . . ."..., 46) = 46
31753 write(1, "G . . . . . . . . . . \tG . . . ."..., 46) = 46
31753 write(1, "H . . . . . . . . . . \tH . . . ."..., 46) = 46
31753 write(1, "I . . . . . . . . . . \tI . . . ."..., 46) = 46
31753 write(1, "J . . . . . . . . . . \tJ . . . ."..., 46) = 46
31753 write(3, "f\0", 2)                = 2
31753 write(1, "Enter the coordinates of cell to"..., 54) = 54
31753 write(3, "A6\0", 3)               = 3
31753 read(4, "t\0", 2)                 = 2
31753 write(1, "A6: hit!\n", 9)         = 9
31753 write(1, "  0 1 2 3 4 5 6 7 8 9 \t  0 1 2 3"..., 46) = 46
31753 write(1, "A # # # # . # # # . . \tA x x x x"..., 46) = 46
31753 write(1, "B . . . . . . . . . . \tB . . . ."..., 46) = 46
31753 write(1, "C # # # . # # . # # . \tC . . . ."..., 46) = 46
31753 write(1, "D . . . . . . . . . . \tD . . . ."..., 46) = 46
31753 write(1, "E # # . # . # . # . # \tE . . . ."..., 46) = 46
31753 write(1, "F . . . . . . . . . . \tF . . . ."..., 46) = 46
31753 write(1, "G . . . . . . . . . . \tG . . . ."..., 46) = 46
31753 write(1, "H . . . . . . . . . . \tH . . . ."..., 46) = 46
31753 write(1, "I . . . . . . . . . . \tI . . . ."..., 46) = 46
31753 write(1, "J . . . . . . . . . . \tJ . . . ."..., 46) = 46
31753 write(3, "f\0", 2)                = 2
31753 write(1, "Enter the coordinates of cell to"..., 54) = 54
31753 write(3, "A7\0", 3)               = 3
31753 read(4, "t\0", 2)                 = 2
31753 write(1, "A7: hit!\n", 9)         = 9
31753 write(1, "  0 1 2 3 4 5 6 7 8 9 \t  0 1 2 3"..., 46) = 46
31753 write(1, "A # # # # . # # # . . \tA x x x x"..., 46) = 46
31753 write(1, "B . . . . . . . . . . \tB . . . ."..., 46) = 46
31753 write(1, "C # # # . # # . # # . \tC . . . ."..., 46) = 46
31753 write(1, "D . . . . . . . . . . \tD . . . ."..., 46) = 46
31753 write(1, "E # # . # . # . # . # \tE . . . ."..., 46) = 46
31753 write(1, "F . . . . . . . . . . \tF . . . ."..., 46) = 46
31753 write(1, "G . . . . . . . . . . \tG . . . ."..., 46) = 46
31753 write(1, "H . . . . . . . . . . \tH . . . ."..., 46) = 46
31753 write(1, "I . . . . . . . . . . \tI . . . ."..., 46) = 46
31753 write(1, "J . . . . . . . . . . \tJ . . . ."..., 46) = 46
31753 write(3, "f\0", 2)                = 2
31753 write(1, "Enter the coordinates of cell to"..., 54) = 54
31753 write(3, "C0\0", 3)               = 3
31753 read(4, "t\0", 2)                 = 2
31753 write(1, "C0: hit!\n", 9)         = 9
31753 write(1, "  0 1 2 3 4 5 6 7 8 9 \t  0 1 2 3"..., 46) = 46
31753 write(1, "A # # # # . # # # . . \tA x x x x"..., 46) = 46
31753 write(1, "B . . . . . . . . . . \tB . . . ."..., 46) = 46
31753 write(1, "C # # # . # # . # # . \tC x . . ."..., 46) = 46
31753 write(1, "D . . . . . . . . . . \tD . . . ."..., 46) = 46
31753 write(1, "E # # . # . # . # . # \tE . . . ."..., 46) = 46
31753 write(1, "F . . . . . . . . . . \tF . . . ."..., 46) = 46
31753 write(1, "G . . . . . . . . . . \tG . . . ."..., 46) = 46
31753 write(1, "H . . . . . . . . . . \tH . . . ."..., 46) = 46
31753 write(1, "I . . . . . . . . . . \tI . . . ."..., 46) = 46
31753 write(1, "J . . . . . . . . . . \tJ . . . ."..., 46) = 46
31753 write(3, "f\0", 2)                = 2
31753 write(1, "Enter the coordinates of cell to"..., 54) = 54
31753 write(3, "C1\0", 3)               = 3
31753 read(4, "t\0", 2)                 = 2
31753 write(1, "C1: hit!\n", 9)         = 9
31753 write(1, "  0 1 2 3 4 5 6 7 8 9 \t  0 1 2 3"..., 46) = 46
31753 write(1, "A # # # # . # # # . . \tA x x x x"..., 46) = 46
31753 write(1, "B . . . . . . . . . . \tB . . . ."..., 46) = 46
31753 write(1, "C # # # . # # . # # . \tC x x . ."..., 46) = 46
31753 write(1, "D . . . . . . . . . . \tD . . . ."..., 46) = 46
31753 write(1, "E # # . # . # . # . # \tE . . . ."..., 46) = 46
31753 write(1, "F . . . . . . . . . . \tF . . . ."..., 46) = 46
31753 write(1, "G . . . . . . . . . . \tG . . . ."..., 46) = 46
31753 write(1, "H . . . . . . . . . . \tH . . . ."..., 46) = 46
31753 write(1, "I . . . . . . . . . . \tI . . . ."..., 46) = 46
31753 write(1, "J . . . . . . . . . . \tJ . . . ."..., 46) = 46
31753 write(3, "f\0", 2)                = 2
31753 write(1, "Enter the coordinates of cell to"..., 54) = 54
31753 write(3, "C2\0", 3)               = 3
31753 read(4, "t\0", 2)                 = 2
31753 write(1, "C2: hit!\n", 9)         = 9
31753 write(1, "  0 1 2 3 4 5 6 7 8 9 \t  0 1 2 3"..., 46) = 46
31753 write(1, "A # # # # . # # # . . \tA x x x x"..., 46) = 46
31753 write(1, "B . . . . . . . . . . \tB . . . ."..., 46) = 46
31753 write(1, "C # # # . # # . # # . \tC x x x ."..., 46) = 46
31753 write(1, "D . . . . . . . . . . \tD . . . ."..., 46) = 46
31753 write(1, "E # # . # . # . # . # \tE . . . ."..., 46) = 46
31753 write(1, "F . . . . . . . . . . \tF . . . ."..., 46) = 46
31753 write(1, "G . . . . . . . . . . \tG . . . ."..., 46) = 46
31753 write(1, "H . . . . . . . . . . \tH . . . ."..., 46) = 46
31753 write(1, "I . . . . . . . . . . \tI . . . ."..., 46) = 46
31753 write(1, "J . . . . . . . . . . \tJ . . . ."..., 46) = 46
31753 write(3, "f\0", 2)                = 2
31753 write(1, "Enter the coordinates of cell to"..., 54) = 54
31753 write(3, "C4\0", 3)               = 3
31753 read(4, "t\0", 2)                 = 2
31753 write(1, "C4: hit!\n", 9)         = 9
31753 write(1, "  0 1 2 3 4 5 6 7 8 9 \t  0 1 2 3"..., 46) = 46
31753 write(1, "A # # # # . # # # . . \tA x x x x"..., 46) = 46
31753 write(1, "B . . . . . . . . . . \tB . . . ."..., 46) = 46
31753 write(1, "C # # # . # # . # # . \tC x x x ."..., 46) = 46
31753 write(1, "D . . . . . . . . . . \tD . . . ."..., 46) = 46
31753 write(1, "E # # . # . # . # . # \tE . . . ."..., 46) = 46
31753 write(1, "F . . . . . . . . . . \tF . . . ."..., 46) = 46
31753 write(1, "G . . . . . . . . . . \tG . . . ."..., 46) = 46
31753 write(1, "H . . . . . . . . . . \tH . . . ."..., 46) = 46
31753 write(1, "I . . . . . . . . . . \tI . . . ."..., 46) = 46
31753 write(1, "J . . . . . . . . . . \tJ . . . ."..., 46) = 46
31753 write(3, "f\0", 2)                = 2
31753 write(1, "Enter the coordinates of cell to"..., 54) = 54
31753 write(3, "C5\0", 3)               = 3
31753 read(4, "t\0", 2)                 = 2
31753 write(1, "C5: hit!\n", 9)         = 9
31753 write(1, "  0 1 2 3 4 5 6 7 8 9 \t  0 1 2 3"..., 46) = 46
31753 write(1, "A # # # # . # # # . . \tA x x x x"..., 46) = 46
31753 write(1, "B . . . . . . . . . . \tB . . . ."..., 46) = 46
31753 write(1, "C # # # . # # . # # . \tC x x x ."..., 46) = 46
31753 write(1, "D . . . . . . . . . . \tD . . . ."..., 46) = 46
31753 write(1, "E # # . # . # . # . # \tE . . . ."..., 46) = 46
31753 write(1, "F . . . . . . . . . . \tF . . . ."..., 46) = 46
31753 write(1, "G . . . . . . . . . . \tG . . . ."..., 46) = 46
31753 write(1, "H . . . . . . . . . . \tH . . . ."..., 46) = 46
31753 write(1, "I . . . . . . . . . . \tI . . . ."..., 46) = 46
31753 write(1, "J . . . . . . . . . . \tJ . . . ."..., 46) = 46
31753 write(3, "f\0", 2)                = 2
31753 write(1, "Enter the coordinates of cell to"..., 54) = 54
31753 write(3, "C7\0", 3)               = 3
31753 read(4, "t\0", 2)                 = 2
31753 write(1, "C7: hit!\n", 9)         = 9
31753 write(1, "  0 1 2 3 4 5 6 7 8 9 \t  0 1 2 3"..., 46) = 46
31753 write(1, "A # # # # . # # # . . \tA x x x x"..., 46) = 46
31753 write(1, "B . . . . . . . . . . \tB . . . ."..., 46) = 46
31753 write(1, "C # # # . # # . # # . \tC x x x ."..., 46) = 46
31753 write(1, "D . . . . . . . . . . \tD . . . ."..., 46) = 46
31753 write(1, "E # # . # . # . # . # \tE . . . ."..., 46) = 46
31753 write(1, "F . . . . . . . . . . \tF . . . ."..., 46) = 46
31753 write(1, "G . . . . . . . . . . \tG . . . ."..., 46) = 46
31753 write(1, "H . . . . . . . . . . \tH . . . ."..., 46) = 46
31753 write(1, "I . . . . . . . . . . \tI . . . ."..., 46) = 46
31753 write(1, "J . . . . . . . . . . \tJ . . . ."..., 46) = 46
31753 write(3, "f\0", 2)                = 2
31753 write(1, "Enter the coordinates of cell to"..., 54) = 54
31753 write(3, "C8\0", 3)               = 3
31753 read(4, "t\0", 2)                 = 2
31753 write(1, "C8: hit!\n", 9)         = 9
31753 write(1, "  0 1 2 3 4 5 6 7 8 9 \t  0 1 2 3"..., 46) = 46
31753 write(1, "A # # # # . # # # . . \tA x x x x"..., 46) = 46
31753 write(1, "B . . . . . . . . . . \tB . . . ."..., 46) = 46
31753 write(1, "C # # # . # # . # # . \tC x x x ."..., 46) = 46
31753 write(1, "D . . . . . . . . . . \tD . . . ."..., 46) = 46
31753 write(1, "E # # . # . # . # . # \tE . . . ."..., 46) = 46
31753 write(1, "F . . . . . . . . . . \tF . . . ."..., 46) = 46
31753 write(1, "G . . . . . . . . . . \tG . . . ."..., 46) = 46
31753 write(1, "H . . . . . . . . . . \tH . . . ."..., 46) = 46
31753 write(1, "I . . . . . . . . . . \tI . . . ."..., 46) = 46
31753 write(1, "J . . . . . . . . . . \tJ . . . ."..., 46) = 46
31753 write(3, "f\0", 2)                = 2
31753 write(1, "Enter the coordinates of cell to"..., 54) = 54
31753 write(3, "E0\0", 3)               = 3
31753 read(4, "t\0", 2)                 = 2
31753 write(1, "E0: hit!\n", 9)         = 9
31753 write(1, "  0 1 2 3 4 5 6 7 8 9 \t  0 1 2 3"..., 46) = 46
31753 write(1, "A # # # # . # # # . . \tA x x x x"..., 46) = 46
31753 write(1, "B . . . . . . . . . . \tB . . . ."..., 46) = 46
31753 write(1, "C # # # . # # . # # . \tC x x x ."..., 46) = 46
31753 write(1, "D . . . . . . . . . . \tD . . . ."..., 46) = 46
31753 write(1, "E # # . # . # . # . # \tE x . . ."..., 46) = 46
31753 write(1, "F . . . . . . . . . . \tF . . . ."..., 46) = 46
31753 write(1, "G . . . . . . . . . . \tG . . . ."..., 46) = 46
31753 write(1, "H . . . . . . . . . . \tH . . . ."..., 46) = 46
31753 write(1, "I . . . . . . . . . . \tI . . . ."..., 46) = 46
31753 write(1, "J . . . . . . . . . . \tJ . . . ."..., 46) = 46
31753 write(3, "f\0", 2)                = 2
31753 write(1, "Enter the coordinates of cell to"..., 54) = 54
31753 write(3, "E1\0", 3)               = 3
31753 read(4, "t\0", 2)                 = 2
31753 write(1, "E1: hit!\n", 9)         = 9
31753 write(1, "  0 1 2 3 4 5 6 7 8 9 \t  0 1 2 3"..., 46) = 46
31753 write(1, "A # # # # . # # # . . \tA x x x x"..., 46) = 46
31753 write(1, "B . . . . . . . . . . \tB . . . ."..., 46) = 46
31753 write(1, "C # # # . # # . # # . \tC x x x ."..., 46) = 46
31753 write(1, "D . . . . . . . . . . \tD . . . ."..., 46) = 46
31753 write(1, "E # # . # . # . # . # \tE x x . ."..., 46) = 46
31753 write(1, "F . . . . . . . . . . \tF . . . ."..., 46) = 46
31753 write(1, "G . . . . . . . . . . \tG . . . ."..., 46) = 46
31753 write(1, "H . . . . . . . . . . \tH . . . ."..., 46) = 46
31753 write(1, "I . . . . . . . . . . \tI . . . ."..., 46) = 46
31753 write(1, "J . . . . . . . . . . \tJ . . . ."..., 46) = 46
31753 write(3, "f\0", 2)                = 2
31753 write(1, "Enter the coordinates of cell to"..., 54) = 54
31753 write(3, "E3\0", 3)               = 3
31753 read(4, "t\0", 2)                 = 2
31753 write(1, "E3: hit!\n", 9)         = 9
31753 write(1, "  0 1 2 3 4 5 6 7 8 9 \t  0 1 2 3"..., 46) = 46
31753 write(1, "A # # # # . # # # . . \tA x x x x"..., 46) = 46
31753 write(1, "B . . . . . . . . . . \tB . . . ."..., 46) = 46
31753 write(1, "C # # # . # # . # # . \tC x x x ."..., 46) = 46
31753 write(1, "D . . . . . . . . . . \tD . . . ."..., 46) = 46
31753 write(1, "E # # . # . # . # . # \tE x x . x"..., 46) = 46
31753 write(1, "F . . . . . . . . . . \tF . . . ."..., 46) = 46
31753 write(1, "G . . . . . . . . . . \tG . . . ."..., 46) = 46
31753 write(1, "H . . . . . . . . . . \tH . . . ."..., 46) = 46
31753 write(1, "I . . . . . . . . . . \tI . . . ."..., 46) = 46
31753 write(1, "J . . . . . . . . . . \tJ . . . ."..., 46) = 46
31753 write(3, "f\0", 2)                = 2
31753 write(1, "Enter the coordinates of cell to"..., 54) = 54
31753 write(3, "E5\0", 3)               = 3
31753 read(4, "t\0", 2)                 = 2
31753 write(1, "E5: hit!\n", 9)         = 9
31753 write(1, "  0 1 2 3 4 5 6 7 8 9 \t  0 1 2 3"..., 46) = 46
31753 write(1, "A # # # # . # # # . . \tA x x x x"..., 46) = 46
31753 write(1, "B . . . . . . . . . . \tB . . . ."..., 46) = 46
31753 write(1, "C # # # . # # . # # . \tC x x x ."..., 46) = 46
31753 write(1, "D . . . . . . . . . . \tD . . . ."..., 46) = 46
31753 write(1, "E # # . # . # . # . # \tE x x . x"..., 46) = 46
31753 write(1, "F . . . . . . . . . . \tF . . . ."..., 46) = 46
31753 write(1, "G . . . . . . . . . . \tG . . . ."..., 46) = 46
31753 write(1, "H . . . . . . . . . . \tH . . . ."..., 46) = 46
31753 write(1, "I . . . . . . . . . . \tI . . . ."..., 46) = 46
31753 write(1, "J . . . . . . . . . . \tJ . . . ."..., 46) = 46
31753 write(3, "f\0", 2)                = 2
31753 write(1, "Enter the coordinates of cell to"..., 54) = 54
31753 write(3, "E7\0", 3)               = 3
31753 read(4, "t\0", 2)                 = 2
31753 write(1, "E7: hit!\n", 9)         = 9
31753 write(1, "  0 1 2 3 4 5 6 7 8 9 \t  0 1 2 3"..., 46) = 46
31753 write(1, "A # # # # . # # # . . \tA x x x x"..., 46) = 46
31753 write(1, "B . . . . . . . . . . \tB . . . ."..., 46) = 46
31753 write(1, "C # # # . # # . # # . \tC x x x ."..., 46) = 46
31753 write(1, "D . . . . . . . . . . \tD . . . ."..., 46) = 46
31753 write(1, "E # # . # . # . # . # \tE x x . x"..., 46) = 46
31753 write(1, "F . . . . . . . . . . \tF . . . ."..., 46) = 46
31753 write(1, "G . . . . . . . . . . \tG . . . ."..., 46) = 46
31753 write(1, "H . . . . . . . . . . \tH . . . ."..., 46) = 46
31753 write(1, "I . . . . . . . . . . \tI . . . ."..., 46) = 46
31753 write(1, "J . . . . . . . . . . \tJ . . . ."..., 46) = 46
31753 write(3, "f\0", 2)                = 2
31753 write(1, "Enter the coordinates of cell to"..., 54) = 54
31753 write(3, "E9\0", 3)               = 3
31753 read(4, "t\0", 2)                 = 2
31753 write(1, "E9: hit!\n", 9)         = 9
31753 write(1, "  0 1 2 3 4 5 6 7 8 9 \t  0 1 2 3"..., 46) = 46
31753 write(1, "A # # # # . # # # . . \tA x x x x"..., 46) = 46
31753 write(1, "B . . . . . . . . . . \tB . . . ."..., 46) = 46
31753 write(1, "C # # # . # # . # # . \tC x x x ."..., 46) = 46
31753 write(1, "D . . . . . . . . . . \tD . . . ."..., 46) = 46
31753 write(1, "E # # . # . # . # . # \tE x x . x"..., 46) = 46
31753 write(1, "F . . . . . . . . . . \tF . . . ."..., 46) = 46
31753 write(1, "G . . . . . . . . . . \tG . . . ."..., 46) = 46
31753 write(1, "H . . . . . . . . . . \tH . . . ."..., 46) = 46
31753 write(1, "I . . . . . . . . . . \tI . . . ."..., 46) = 46
31753 write(1, "J . . . . . . . . . . \tJ . . . ."..., 46) = 46
31753 write(3, "t\0", 2)                = 2
31753 write(1, "You won!\n", 9)         = 9
31753 close(3)                          = 0
31753 close(4)                          = 0
31753 unlink("./tmp/qwerty_req")        = 0
31753 unlink("./tmp/qwerty_rep")        = 0
31753 lseek(0, -1, SEEK_CUR)            = 123
31753 exit_group(0)                     = ?
31753 +++ exited with 0 +++
