31805 execve("./client", ["./client"], 0x7fff18ecfdd0 /* 16 vars */) = 0
31805 brk(NULL)                         = 0x64e1cdadd000
31805 access("/etc/ld.so.preload", R_OK) = -1 ENOENT (Нет такого файла или каталога)
31805 openat(AT_FDCWD, "/etc/ld.so.cache", O_RDONLY|O_CLOEXEC) = 3
31805 fstat(3, {st_mode=S_IFREG|0644, st_size=110395, ...}) = 0
31805 mmap(NULL, 110395, PROT_READ, MAP_PRIVATE, 3, 0) = 0x7b2047a06000
31805 close(3)                          = 0
31805 openat(AT_FDCWD, "/usr/lib/libstdc++.so.6", O_RDONLY|O_CLOEXEC) = 3
31805 read(3, "\177ELF\2\1\1\3\0\0\0\0\0\0\0\0\3\0>\0\1\0\0\0\0\0\0\0\0\0\0\0"..., 832) = 832
31805 fstat(3, {st_mode=S_IFREG|0755, st_size=21512744, ...}) = 0
31805 mmap(NULL, 8192, PROT_READ|PROT_WRITE, MAP_PRIVATE|MAP_ANONYMOUS, -1, 0) = 0x7b2047a04000
31805 mmap(NULL, 2597056, PROT_READ, MAP_PRIVATE|MAP_DENYWRITE, 3, 0) = 0x7b2047600000
31805 mmap(0x7b204769c000, 1273856, PROT_READ|PROT_EXEC, MAP_PRIVATE|MAP_FIXED|MAP_DENYWRITE, 3, 0x9c000) = 0x7b204769c000
31805 mmap(0x7b20477d3000, 614400, PROT_READ, MAP_PRIVATE|MAP_FIXED|MAP_DENYWRITE, 3, 0x1d3000) = 0x7b20477d3000
31805 mmap(0x7b2047869000, 57344, PROT_READ|PROT_WRITE, MAP_PRIVATE|MAP_FIXED|MAP_DENYWRITE, 3, 0x269000) = 0x7b2047869000
31805 mmap(0x7b2047877000, 12480, PROT_READ|PROT_WRITE, MAP_PRIVATE|MAP_FIXED|MAP_ANONYMOUS, -1, 0) = 0x7b2047877000
31805 close(3)                          = 0
31805 openat(AT_FDCWD, "/usr/lib/libm.so.6", O_RDONLY|O_CLOEXEC) = 3
31805 read(3, "\177ELF\2\1\1\3\0\0\0\0\0\0\0\0\3\0>\0\1\0\0\0\0\0\0\0\0\0\0\0"..., 832) = 832
31805 fstat(3, {st_mode=S_IFREG|0755, st_size=960856, ...}) = 0
31805 mmap(NULL, 962856, PROT_READ, MAP_PRIVATE|MAP_DENYWRITE, 3, 0) = 0x7b2047918000
31805 mmap(0x7b2047926000, 524288, PROT_READ|PROT_EXEC, MAP_PRIVATE|MAP_FIXED|MAP_DENYWRITE, 3, 0xe000) = 0x7b2047926000
31805 mmap(0x7b20479a6000, 376832, PROT_READ, MAP_PRIVATE|MAP_FIXED|MAP_DENYWRITE, 3, 0x8e000) = 0x7b20479a6000
31805 mmap(0x7b2047a02000, 8192, PROT_READ|PROT_WRITE, MAP_PRIVATE|MAP_FIXED|MAP_DENYWRITE, 3, 0xe9000) = 0x7b2047a02000
31805 close(3)                          = 0
31805 openat(AT_FDCWD, "/usr/lib/libgcc_s.so.1", O_RDONLY|O_CLOEXEC) = 3
31805 read(3, "\177ELF\2\1\1\0\0\0\0\0\0\0\0\0\3\0>\0\1\0\0\0\0\0\0\0\0\0\0\0"..., 832) = 832
31805 fstat(3, {st_mode=S_IFREG|0644, st_size=728120, ...}) = 0
31805 mmap(NULL, 147912, PROT_READ, MAP_PRIVATE|MAP_DENYWRITE, 3, 0) = 0x7b20478f3000
31805 mmap(0x7b20478f7000, 110592, PROT_READ|PROT_EXEC, MAP_PRIVATE|MAP_FIXED|MAP_DENYWRITE, 3, 0x4000) = 0x7b20478f7000
31805 mmap(0x7b2047912000, 16384, PROT_READ, MAP_PRIVATE|MAP_FIXED|MAP_DENYWRITE, 3, 0x1f000) = 0x7b2047912000
31805 mmap(0x7b2047916000, 8192, PROT_READ|PROT_WRITE, MAP_PRIVATE|MAP_FIXED|MAP_DENYWRITE, 3, 0x22000) = 0x7b2047916000
31805 close(3)                          = 0
31805 openat(AT_FDCWD, "/usr/lib/libc.so.6", O_RDONLY|O_CLOEXEC) = 3
31805 read(3, "\177ELF\2\1\1\3\0\0\0\0\0\0\0\0\3\0>\0\1\0\0\0\220^\2\0\0\0\0\0"..., 832) = 832
31805 pread64(3, "\6\0\0\0\4\0\0\0@\0\0\0\0\0\0\0@\0\0\0\0\0\0\0@\0\0\0\0\0\0\0"..., 784, 64) = 784
31805 fstat(3, {st_mode=S_IFREG|0755, st_size=1948952, ...}) = 0
31805 pread64(3, "\6\0\0\0\4\0\0\0@\0\0\0\0\0\0\0@\0\0\0\0\0\0\0@\0\0\0\0\0\0\0"..., 784, 64) = 784
31805 mmap(NULL, 1973104, PROT_READ, MAP_PRIVATE|MAP_DENYWRITE, 3, 0) = 0x7b204741e000
31805 mmap(0x7b2047442000, 1421312, PROT_READ|PROT_EXEC, MAP_PRIVATE|MAP_FIXED|MAP_DENYWRITE, 3, 0x24000) = 0x7b2047442000
31805 mmap(0x7b204759d000, 348160, PROT_READ, MAP_PRIVATE|MAP_FIXED|MAP_DENYWRITE, 3, 0x17f000) = 0x7b204759d000
31805 mmap(0x7b20475f2000, 24576, PROT_READ|PROT_WRITE, MAP_PRIVATE|MAP_FIXED|MAP_DENYWRITE, 3, 0x1d3000) = 0x7b20475f2000
31805 mmap(0x7b20475f8000, 31600, PROT_READ|PROT_WRITE, MAP_PRIVATE|MAP_FIXED|MAP_ANONYMOUS, -1, 0) = 0x7b20475f8000
31805 close(3)                          = 0
31805 mmap(NULL, 8192, PROT_READ|PROT_WRITE, MAP_PRIVATE|MAP_ANONYMOUS, -1, 0) = 0x7b20478f1000
31805 arch_prctl(ARCH_SET_FS, 0x7b20478f2500) = 0
31805 set_tid_address(0x7b20478f27d0)   = 31805
31805 set_robust_list(0x7b20478f27e0, 24) = 0
31805 rseq(0x7b20478f2e20, 0x20, 0, 0x53053053) = 0
31805 mprotect(0x7b20475f2000, 16384, PROT_READ) = 0
31805 mprotect(0x7b2047916000, 4096, PROT_READ) = 0
31805 mprotect(0x7b2047a02000, 4096, PROT_READ) = 0
31805 mmap(NULL, 8192, PROT_READ|PROT_WRITE, MAP_PRIVATE|MAP_ANONYMOUS, -1, 0) = 0x7b20478ef000
31805 mprotect(0x7b2047869000, 53248, PROT_READ) = 0
31805 mprotect(0x64e1ccd31000, 4096, PROT_READ) = 0
31805 mprotect(0x7b2047a54000, 8192, PROT_READ) = 0
31805 prlimit64(0, RLIMIT_STACK, NULL, {rlim_cur=8192*1024, rlim_max=RLIM64_INFINITY}) = 0
31805 munmap(0x7b2047a06000, 110395)    = 0
31805 futex(0x7b20478776fc, FUTEX_WAKE_PRIVATE, 2147483647) = 0
31805 getrandom("\x0f\x6e\x9b\x92\xf9\xd9\x18\x79", 8, GRND_NONBLOCK) = 8
31805 brk(NULL)                         = 0x64e1cdadd000
31805 brk(0x64e1cdafe000)               = 0x64e1cdafe000
31805 fstat(1, {st_mode=S_IFCHR|0620, st_rdev=makedev(0x88, 0x6), ...}) = 0
31805 write(1, "Enter your login (max length 11)"..., 34) = 34
31805 fstat(0, {st_mode=S_IFCHR|0620, st_rdev=makedev(0x88, 0x6), ...}) = 0
31805 read(0, "zxcvb\n", 1024)          = 6
31805 access("./tmp/zxcvb_req", F_OK)   = -1 ENOENT (Нет такого файла или каталога)
31805 access("./tmp/zxcvb_rep", F_OK)   = -1 ENOENT (Нет такого файла или каталога)
31805 mknodat(AT_FDCWD, "./tmp/zxcvb_req", S_IFIFO|002) = 0
31805 openat(AT_FDCWD, "./tmp/zxcvb_req", O_RDWR) = 3
31805 mknodat(AT_FDCWD, "./tmp/zxcvb_rep", S_IFIFO|002) = 0
31805 openat(AT_FDCWD, "./tmp/zxcvb_rep", O_RDWR) = 4
31805 write(1, "Do you want to send the invite t"..., 58) = 58
31805 read(0, "n\n", 1024)              = 2
31805 write(3, "n\0", 2)                = 2
31805 read(4, "qwerty\0", 12)           = 7
31805 write(1, "The player qwerty invited you to"..., 70) = 70
31805 read(0, "y\n", 1024)              = 2
31805 write(3, "y\0", 2)                = 2
31805 lseek(0, -1, SEEK_CUR)            = -1 ESPIPE (Недопустимая операция смещения)
31805 openat(AT_FDCWD, "in", O_RDONLY)  = 5
31805 dup3(5, 0, 0)                     = 0
31805 close(5)                          = 0
31805 write(1, "Start...\n", 9)         = 9
31805 write(1, "Set your ships:\n", 16) = 16
31805 write(1, "  0 1 2 3 4 5 6 7 8 9 \t  0 1 2 3"..., 46) = 46
31805 write(1, "A . . . . . . . . . . \tA . . . ."..., 46) = 46
31805 write(1, "B . . . . . . . . . . \tB . . . ."..., 46) = 46
31805 write(1, "C . . . . . . . . . . \tC . . . ."..., 46) = 46
31805 write(1, "D . . . . . . . . . . \tD . . . ."..., 46) = 46
31805 write(1, "E . . . . . . . . . . \tE . . . ."..., 46) = 46
31805 write(1, "F . . . . . . . . . . \tF . . . ."..., 46) = 46
31805 write(1, "G . . . . . . . . . . \tG . . . ."..., 46) = 46
31805 write(1, "H . . . . . . . . . . \tH . . . ."..., 46) = 46
31805 write(1, "I . . . . . . . . . . \tI . . . ."..., 46) = 46
31805 write(1, "J . . . . . . . . . . \tJ . . . ."..., 46) = 46
31805 write(1, "Enter the coordinates of the 4-d"..., 61) = 61
31805 fstat(0, {st_mode=S_IFREG|0644, st_size=124, ...}) = 0
31805 read(0, "A0 A3\nA5 A7\nC0 C2\nC4 C5 \nC7 C8\nE"..., 4096) = 124
31805 write(1, "  0 1 2 3 4 5 6 7 8 9 \t  0 1 2 3"..., 46) = 46
31805 write(1, "A # # # # . . . . . . \tA . . . ."..., 46) = 46
31805 write(1, "B . . . . . . . . . . \tB . . . ."..., 46) = 46
31805 write(1, "C . . . . . . . . . . \tC . . . ."..., 46) = 46
31805 write(1, "D . . . . . . . . . . \tD . . . ."..., 46) = 46
31805 write(1, "E . . . . . . . . . . \tE . . . ."..., 46) = 46
31805 write(1, "F . . . . . . . . . . \tF . . . ."..., 46) = 46
31805 write(1, "G . . . . . . . . . . \tG . . . ."..., 46) = 46
31805 write(1, "H . . . . . . . . . . \tH . . . ."..., 46) = 46
31805 write(1, "I . . . . . . . . . . \tI . . . ."..., 46) = 46
31805 write(1, "J . . . . . . . . . . \tJ . . . ."..., 46) = 46
31805 write(1, "Enter the coordinates of the 3-d"..., 61) = 61
31805 write(1, "  0 1 2 3 4 5 6 7 8 9 \t  0 1 2 3"..., 46) = 46
31805 write(1, "A # # # # . # # # . . \tA . . . ."..., 46) = 46
31805 write(1, "B . . . . . . . . . . \tB . . . ."..., 46) = 46
31805 write(1, "C . . . . . . . . . . \tC . . . ."..., 46) = 46
31805 write(1, "D . . . . . . . . . . \tD . . . ."..., 46) = 46
31805 write(1, "E . . . . . . . . . . \tE . . . ."..., 46) = 46
31805 write(1, "F . . . . . . . . . . \tF . . . ."..., 46) = 46
31805 write(1, "G . . . . . . . . . . \tG . . . ."..., 46) = 46
31805 write(1, "H . . . . . . . . . . \tH . . . ."..., 46) = 46
31805 write(1, "I . . . . . . . . . . \tI . . . ."..., 46) = 46
31805 write(1, "J . . . . . . . . . . \tJ . . . ."..., 46) = 46
31805 write(1, "Enter the coordinates of the 3-d"..., 61) = 61
31805 write(1, "  0 1 2 3 4 5 6 7 8 9 \t  0 1 2 3"..., 46) = 46
31805 write(1, "A # # # # . # # # . . \tA . . . ."..., 46) = 46
31805 write(1, "B . . . . . . . . . . \tB . . . ."..., 46) = 46
31805 write(1, "C # # # . . . . . . . \tC . . . ."..., 46) = 46
31805 write(1, "D . . . . . . . . . . \tD . . . ."..., 46) = 46
31805 write(1, "E . . . . . . . . . . \tE . . . ."..., 46) = 46
31805 write(1, "F . . . . . . . . . . \tF . . . ."..., 46) = 46
31805 write(1, "G . . . . . . . . . . \tG . . . ."..., 46) = 46
31805 write(1, "H . . . . . . . . . . \tH . . . ."..., 46) = 46
31805 write(1, "I . . . . . . . . . . \tI . . . ."..., 46) = 46
31805 write(1, "J . . . . . . . . . . \tJ . . . ."..., 46) = 46
31805 write(1, "Enter the coordinates of the 2-d"..., 61) = 61
31805 write(1, "  0 1 2 3 4 5 6 7 8 9 \t  0 1 2 3"..., 46) = 46
31805 write(1, "A # # # # . # # # . . \tA . . . ."..., 46) = 46
31805 write(1, "B . . . . . . . . . . \tB . . . ."..., 46) = 46
31805 write(1, "C # # # . # # . . . . \tC . . . ."..., 46) = 46
31805 write(1, "D . . . . . . . . . . \tD . . . ."..., 46) = 46
31805 write(1, "E . . . . . . . . . . \tE . . . ."..., 46) = 46
31805 write(1, "F . . . . . . . . . . \tF . . . ."..., 46) = 46
31805 write(1, "G . . . . . . . . . . \tG . . . ."..., 46) = 46
31805 write(1, "H . . . . . . . . . . \tH . . . ."..., 46) = 46
31805 write(1, "I . . . . . . . . . . \tI . . . ."..., 46) = 46
31805 write(1, "J . . . . . . . . . . \tJ . . . ."..., 46) = 46
31805 write(1, "Enter the coordinates of the 2-d"..., 61) = 61
31805 write(1, "  0 1 2 3 4 5 6 7 8 9 \t  0 1 2 3"..., 46) = 46
31805 write(1, "A # # # # . # # # . . \tA . . . ."..., 46) = 46
31805 write(1, "B . . . . . . . . . . \tB . . . ."..., 46) = 46
31805 write(1, "C # # # . # # . # # . \tC . . . ."..., 46) = 46
31805 write(1, "D . . . . . . . . . . \tD . . . ."..., 46) = 46
31805 write(1, "E . . . . . . . . . . \tE . . . ."..., 46) = 46
31805 write(1, "F . . . . . . . . . . \tF . . . ."..., 46) = 46
31805 write(1, "G . . . . . . . . . . \tG . . . ."..., 46) = 46
31805 write(1, "H . . . . . . . . . . \tH . . . ."..., 46) = 46
31805 write(1, "I . . . . . . . . . . \tI . . . ."..., 46) = 46
31805 write(1, "J . . . . . . . . . . \tJ . . . ."..., 46) = 46
31805 write(1, "Enter the coordinates of the 2-d"..., 61) = 61
31805 write(1, "  0 1 2 3 4 5 6 7 8 9 \t  0 1 2 3"..., 46) = 46
31805 write(1, "A # # # # . # # # . . \tA . . . ."..., 46) = 46
31805 write(1, "B . . . . . . . . . . \tB . . . ."..., 46) = 46
31805 write(1, "C # # # . # # . # # . \tC . . . ."..., 46) = 46
31805 write(1, "D . . . . . . . . . . \tD . . . ."..., 46) = 46
31805 write(1, "E # # . . . . . . . . \tE . . . ."..., 46) = 46
31805 write(1, "F . . . . . . . . . . \tF . . . ."..., 46) = 46
31805 write(1, "G . . . . . . . . . . \tG . . . ."..., 46) = 46
31805 write(1, "H . . . . . . . . . . \tH . . . ."..., 46) = 46
31805 write(1, "I . . . . . . . . . . \tI . . . ."..., 46) = 46
31805 write(1, "J . . . . . . . . . . \tJ . . . ."..., 46) = 46
31805 write(1, "Enter the coordinates of the 1-d"..., 58) = 58
31805 write(1, "  0 1 2 3 4 5 6 7 8 9 \t  0 1 2 3"..., 46) = 46
31805 write(1, "A # # # # . # # # . . \tA . . . ."..., 46) = 46
31805 write(1, "B . . . . . . . . . . \tB . . . ."..., 46) = 46
31805 write(1, "C # # # . # # . # # . \tC . . . ."..., 46) = 46
31805 write(1, "D . . . . . . . . . . \tD . . . ."..., 46) = 46
31805 write(1, "E # # . # . . . . . . \tE . . . ."..., 46) = 46
31805 write(1, "F . . . . . . . . . . \tF . . . ."..., 46) = 46
31805 write(1, "G . . . . . . . . . . \tG . . . ."..., 46) = 46
31805 write(1, "H . . . . . . . . . . \tH . . . ."..., 46) = 46
31805 write(1, "I . . . . . . . . . . \tI . . . ."..., 46) = 46
31805 write(1, "J . . . . . . . . . . \tJ . . . ."..., 46) = 46
31805 write(1, "Enter the coordinates of the 1-d"..., 58) = 58
31805 write(1, "  0 1 2 3 4 5 6 7 8 9 \t  0 1 2 3"..., 46) = 46
31805 write(1, "A # # # # . # # # . . \tA . . . ."..., 46) = 46
31805 write(1, "B . . . . . . . . . . \tB . . . ."..., 46) = 46
31805 write(1, "C # # # . # # . # # . \tC . . . ."..., 46) = 46
31805 write(1, "D . . . . . . . . . . \tD . . . ."..., 46) = 46
31805 write(1, "E # # . # . # . . . . \tE . . . ."..., 46) = 46
31805 write(1, "F . . . . . . . . . . \tF . . . ."..., 46) = 46
31805 write(1, "G . . . . . . . . . . \tG . . . ."..., 46) = 46
31805 write(1, "H . . . . . . . . . . \tH . . . ."..., 46) = 46
31805 write(1, "I . . . . . . . . . . \tI . . . ."..., 46) = 46
31805 write(1, "J . . . . . . . . . . \tJ . . . ."..., 46) = 46
31805 write(1, "Enter the coordinates of the 1-d"..., 58) = 58
31805 write(1, "  0 1 2 3 4 5 6 7 8 9 \t  0 1 2 3"..., 46) = 46
31805 write(1, "A # # # # . # # # . . \tA . . . ."..., 46) = 46
31805 write(1, "B . . . . . . . . . . \tB . . . ."..., 46) = 46
31805 write(1, "C # # # . # # . # # . \tC . . . ."..., 46) = 46
31805 write(1, "D . . . . . . . . . . \tD . . . ."..., 46) = 46
31805 write(1, "E # # . # . # . # . . \tE . . . ."..., 46) = 46
31805 write(1, "F . . . . . . . . . . \tF . . . ."..., 46) = 46
31805 write(1, "G . . . . . . . . . . \tG . . . ."..., 46) = 46
31805 write(1, "H . . . . . . . . . . \tH . . . ."..., 46) = 46
31805 write(1, "I . . . . . . . . . . \tI . . . ."..., 46) = 46
31805 write(1, "J . . . . . . . . . . \tJ . . . ."..., 46) = 46
31805 write(1, "Enter the coordinates of the 1-d"..., 58) = 58
31805 write(1, "  0 1 2 3 4 5 6 7 8 9 \t  0 1 2 3"..., 46) = 46
31805 write(1, "A # # # # . # # # . . \tA . . . ."..., 46) = 46
31805 write(1, "B . . . . . . . . . . \tB . . . ."..., 46) = 46
31805 write(1, "C # # # . # # . # # . \tC . . . ."..., 46) = 46
31805 write(1, "D . . . . . . . . . . \tD . . . ."..., 46) = 46
31805 write(1, "E # # . # . # . # . # \tE . . . ."..., 46) = 46
31805 write(1, "F . . . . . . . . . . \tF . . . ."..., 46) = 46
31805 write(1, "G . . . . . . . . . . \tG . . . ."..., 46) = 46
31805 write(1, "H . . . . . . . . . . \tH . . . ."..., 46) = 46
31805 write(1, "I . . . . . . . . . . \tI . . . ."..., 46) = 46
31805 write(1, "J . . . . . . . . . . \tJ . . . ."..., 46) = 46
31805 write(3, "OK\0", 3)               = 3
31805 read(4, "2\0", 2)                 = 2
31805 write(1, "The enemy is attacking...\n", 26) = 26
31805 read(4, "A0\0", 3)                = 3
31805 write(1, "A0: hit!\n", 9)         = 9
31805 write(3, "t\0", 2)                = 2
31805 write(1, "  0 1 2 3 4 5 6 7 8 9 \t  0 1 2 3"..., 46) = 46
31805 write(1, "A x # # # . # # # . . \tA . . . ."..., 46) = 46
31805 write(1, "B . . . . . . . . . . \tB . . . ."..., 46) = 46
31805 write(1, "C # # # . # # . # # . \tC . . . ."..., 46) = 46
31805 write(1, "D . . . . . . . . . . \tD . . . ."..., 46) = 46
31805 write(1, "E # # . # . # . # . # \tE . . . ."..., 46) = 46
31805 write(1, "F . . . . . . . . . . \tF . . . ."..., 46) = 46
31805 write(1, "G . . . . . . . . . . \tG . . . ."..., 46) = 46
31805 write(1, "H . . . . . . . . . . \tH . . . ."..., 46) = 46
31805 write(1, "I . . . . . . . . . . \tI . . . ."..., 46) = 46
31805 write(1, "J . . . . . . . . . . \tJ . . . ."..., 46) = 46
31805 read(4, "f\0", 2)                 = 2
31805 write(1, "The enemy is attacking...\n", 26) = 26
31805 read(4, "A1\0", 3)                = 3
31805 write(1, "A1: hit!\n", 9)         = 9
31805 write(3, "t\0", 2)                = 2
31805 write(1, "  0 1 2 3 4 5 6 7 8 9 \t  0 1 2 3"..., 46) = 46
31805 write(1, "A x x # # . # # # . . \tA . . . ."..., 46) = 46
31805 write(1, "B . . . . . . . . . . \tB . . . ."..., 46) = 46
31805 write(1, "C # # # . # # . # # . \tC . . . ."..., 46) = 46
31805 write(1, "D . . . . . . . . . . \tD . . . ."..., 46) = 46
31805 write(1, "E # # . # . # . # . # \tE . . . ."..., 46) = 46
31805 write(1, "F . . . . . . . . . . \tF . . . ."..., 46) = 46
31805 write(1, "G . . . . . . . . . . \tG . . . ."..., 46) = 46
31805 write(1, "H . . . . . . . . . . \tH . . . ."..., 46) = 46
31805 write(1, "I . . . . . . . . . . \tI . . . ."..., 46) = 46
31805 write(1, "J . . . . . . . . . . \tJ . . . ."..., 46) = 46
31805 read(4, "f\0", 2)                 = 2
31805 write(1, "The enemy is attacking...\n", 26) = 26
31805 read(4, "A2\0", 3)                = 3
31805 write(1, "A2: hit!\n", 9)         = 9
31805 write(3, "t\0", 2)                = 2
31805 write(1, "  0 1 2 3 4 5 6 7 8 9 \t  0 1 2 3"..., 46) = 46
31805 write(1, "A x x x # . # # # . . \tA . . . ."..., 46) = 46
31805 write(1, "B . . . . . . . . . . \tB . . . ."..., 46) = 46
31805 write(1, "C # # # . # # . # # . \tC . . . ."..., 46) = 46
31805 write(1, "D . . . . . . . . . . \tD . . . ."..., 46) = 46
31805 write(1, "E # # . # . # . # . # \tE . . . ."..., 46) = 46
31805 write(1, "F . . . . . . . . . . \tF . . . ."..., 46) = 46
31805 write(1, "G . . . . . . . . . . \tG . . . ."..., 46) = 46
31805 write(1, "H . . . . . . . . . . \tH . . . ."..., 46) = 46
31805 write(1, "I . . . . . . . . . . \tI . . . ."..., 46) = 46
31805 write(1, "J . . . . . . . . . . \tJ . . . ."..., 46) = 46
31805 read(4, "f\0", 2)                 = 2
31805 write(1, "The enemy is attacking...\n", 26) = 26
31805 read(4, "A3\0", 3)                = 3
31805 write(1, "A3: hit!\n", 9)         = 9
31805 write(3, "t\0", 2)                = 2
31805 write(1, "  0 1 2 3 4 5 6 7 8 9 \t  0 1 2 3"..., 46) = 46
31805 write(1, "A x x x x . # # # . . \tA . . . ."..., 46) = 46
31805 write(1, "B . . . . . . . . . . \tB . . . ."..., 46) = 46
31805 write(1, "C # # # . # # . # # . \tC . . . ."..., 46) = 46
31805 write(1, "D . . . . . . . . . . \tD . . . ."..., 46) = 46
31805 write(1, "E # # . # . # . # . # \tE . . . ."..., 46) = 46
31805 write(1, "F . . . . . . . . . . \tF . . . ."..., 46) = 46
31805 write(1, "G . . . . . . . . . . \tG . . . ."..., 46) = 46
31805 write(1, "H . . . . . . . . . . \tH . . . ."..., 46) = 46
31805 write(1, "I . . . . . . . . . . \tI . . . ."..., 46) = 46
31805 write(1, "J . . . . . . . . . . \tJ . . . ."..., 46) = 46
31805 read(4, "f\0", 2)                 = 2
31805 write(1, "The enemy is attacking...\n", 26) = 26
31805 read(4, "A5\0", 3)                = 3
31805 write(1, "A5: hit!\n", 9)         = 9
31805 write(3, "t\0", 2)                = 2
31805 write(1, "  0 1 2 3 4 5 6 7 8 9 \t  0 1 2 3"..., 46) = 46
31805 write(1, "A x x x x . x # # . . \tA . . . ."..., 46) = 46
31805 write(1, "B . . . . . . . . . . \tB . . . ."..., 46) = 46
31805 write(1, "C # # # . # # . # # . \tC . . . ."..., 46) = 46
31805 write(1, "D . . . . . . . . . . \tD . . . ."..., 46) = 46
31805 write(1, "E # # . # . # . # . # \tE . . . ."..., 46) = 46
31805 write(1, "F . . . . . . . . . . \tF . . . ."..., 46) = 46
31805 write(1, "G . . . . . . . . . . \tG . . . ."..., 46) = 46
31805 write(1, "H . . . . . . . . . . \tH . . . ."..., 46) = 46
31805 write(1, "I . . . . . . . . . . \tI . . . ."..., 46) = 46
31805 write(1, "J . . . . . . . . . . \tJ . . . ."..., 46) = 46
31805 read(4, "f\0", 2)                 = 2
31805 write(1, "The enemy is attacking...\n", 26) = 26
31805 read(4, "A6\0", 3)                = 3
31805 write(1, "A6: hit!\n", 9)         = 9
31805 write(3, "t\0", 2)                = 2
31805 write(1, "  0 1 2 3 4 5 6 7 8 9 \t  0 1 2 3"..., 46) = 46
31805 write(1, "A x x x x . x x # . . \tA . . . ."..., 46) = 46
31805 write(1, "B . . . . . . . . . . \tB . . . ."..., 46) = 46
31805 write(1, "C # # # . # # . # # . \tC . . . ."..., 46) = 46
31805 write(1, "D . . . . . . . . . . \tD . . . ."..., 46) = 46
31805 write(1, "E # # . # . # . # . # \tE . . . ."..., 46) = 46
31805 write(1, "F . . . . . . . . . . \tF . . . ."..., 46) = 46
31805 write(1, "G . . . . . . . . . . \tG . . . ."..., 46) = 46
31805 write(1, "H . . . . . . . . . . \tH . . . ."..., 46) = 46
31805 write(1, "I . . . . . . . . . . \tI . . . ."..., 46) = 46
31805 write(1, "J . . . . . . . . . . \tJ . . . ."..., 46) = 46
31805 read(4, "f\0", 2)                 = 2
31805 write(1, "The enemy is attacking...\n", 26) = 26
31805 read(4, "A7\0", 3)                = 3
31805 write(1, "A7: hit!\n", 9)         = 9
31805 write(3, "t\0", 2)                = 2
31805 write(1, "  0 1 2 3 4 5 6 7 8 9 \t  0 1 2 3"..., 46) = 46
31805 write(1, "A x x x x . x x x . . \tA . . . ."..., 46) = 46
31805 write(1, "B . . . . . . . . . . \tB . . . ."..., 46) = 46
31805 write(1, "C # # # . # # . # # . \tC . . . ."..., 46) = 46
31805 write(1, "D . . . . . . . . . . \tD . . . ."..., 46) = 46
31805 write(1, "E # # . # . # . # . # \tE . . . ."..., 46) = 46
31805 write(1, "F . . . . . . . . . . \tF . . . ."..., 46) = 46
31805 write(1, "G . . . . . . . . . . \tG . . . ."..., 46) = 46
31805 write(1, "H . . . . . . . . . . \tH . . . ."..., 46) = 46
31805 write(1, "I . . . . . . . . . . \tI . . . ."..., 46) = 46
31805 write(1, "J . . . . . . . . . . \tJ . . . ."..., 46) = 46
31805 read(4, "f\0", 2)                 = 2
31805 write(1, "The enemy is attacking...\n", 26) = 26
31805 read(4, "C0\0", 3)                = 3
31805 write(1, "C0: hit!\n", 9)         = 9
31805 write(3, "t\0", 2)                = 2
31805 write(1, "  0 1 2 3 4 5 6 7 8 9 \t  0 1 2 3"..., 46) = 46
31805 write(1, "A x x x x . x x x . . \tA . . . ."..., 46) = 46
31805 write(1, "B . . . . . . . . . . \tB . . . ."..., 46) = 46
31805 write(1, "C x # # . # # . # # . \tC . . . ."..., 46) = 46
31805 write(1, "D . . . . . . . . . . \tD . . . ."..., 46) = 46
31805 write(1, "E # # . # . # . # . # \tE . . . ."..., 46) = 46
31805 write(1, "F . . . . . . . . . . \tF . . . ."..., 46) = 46
31805 write(1, "G . . . . . . . . . . \tG . . . ."..., 46) = 46
31805 write(1, "H . . . . . . . . . . \tH . . . ."..., 46) = 46
31805 write(1, "I . . . . . . . . . . \tI . . . ."..., 46) = 46
31805 write(1, "J . . . . . . . . . . \tJ . . . ."..., 46) = 46
31805 read(4, "f\0", 2)                 = 2
31805 write(1, "The enemy is attacking...\n", 26) = 26
31805 read(4, "C1\0", 3)                = 3
31805 write(1, "C1: hit!\n", 9)         = 9
31805 write(3, "t\0", 2)                = 2
31805 write(1, "  0 1 2 3 4 5 6 7 8 9 \t  0 1 2 3"..., 46) = 46
31805 write(1, "A x x x x . x x x . . \tA . . . ."..., 46) = 46
31805 write(1, "B . . . . . . . . . . \tB . . . ."..., 46) = 46
31805 write(1, "C x x # . # # . # # . \tC . . . ."..., 46) = 46
31805 write(1, "D . . . . . . . . . . \tD . . . ."..., 46) = 46
31805 write(1, "E # # . # . # . # . # \tE . . . ."..., 46) = 46
31805 write(1, "F . . . . . . . . . . \tF . . . ."..., 46) = 46
31805 write(1, "G . . . . . . . . . . \tG . . . ."..., 46) = 46
31805 write(1, "H . . . . . . . . . . \tH . . . ."..., 46) = 46
31805 write(1, "I . . . . . . . . . . \tI . . . ."..., 46) = 46
31805 write(1, "J . . . . . . . . . . \tJ . . . ."..., 46) = 46
31805 read(4, "f\0", 2)                 = 2
31805 write(1, "The enemy is attacking...\n", 26) = 26
31805 read(4, "C2\0", 3)                = 3
31805 write(1, "C2: hit!\n", 9)         = 9
31805 write(3, "t\0", 2)                = 2
31805 write(1, "  0 1 2 3 4 5 6 7 8 9 \t  0 1 2 3"..., 46) = 46
31805 write(1, "A x x x x . x x x . . \tA . . . ."..., 46) = 46
31805 write(1, "B . . . . . . . . . . \tB . . . ."..., 46) = 46
31805 write(1, "C x x x . # # . # # . \tC . . . ."..., 46) = 46
31805 write(1, "D . . . . . . . . . . \tD . . . ."..., 46) = 46
31805 write(1, "E # # . # . # . # . # \tE . . . ."..., 46) = 46
31805 write(1, "F . . . . . . . . . . \tF . . . ."..., 46) = 46
31805 write(1, "G . . . . . . . . . . \tG . . . ."..., 46) = 46
31805 write(1, "H . . . . . . . . . . \tH . . . ."..., 46) = 46
31805 write(1, "I . . . . . . . . . . \tI . . . ."..., 46) = 46
31805 write(1, "J . . . . . . . . . . \tJ . . . ."..., 46) = 46
31805 read(4, "f\0", 2)                 = 2
31805 write(1, "The enemy is attacking...\n", 26) = 26
31805 read(4, "C4\0", 3)                = 3
31805 write(1, "C4: hit!\n", 9)         = 9
31805 write(3, "t\0", 2)                = 2
31805 write(1, "  0 1 2 3 4 5 6 7 8 9 \t  0 1 2 3"..., 46) = 46
31805 write(1, "A x x x x . x x x . . \tA . . . ."..., 46) = 46
31805 write(1, "B . . . . . . . . . . \tB . . . ."..., 46) = 46
31805 write(1, "C x x x . x # . # # . \tC . . . ."..., 46) = 46
31805 write(1, "D . . . . . . . . . . \tD . . . ."..., 46) = 46
31805 write(1, "E # # . # . # . # . # \tE . . . ."..., 46) = 46
31805 write(1, "F . . . . . . . . . . \tF . . . ."..., 46) = 46
31805 write(1, "G . . . . . . . . . . \tG . . . ."..., 46) = 46
31805 write(1, "H . . . . . . . . . . \tH . . . ."..., 46) = 46
31805 write(1, "I . . . . . . . . . . \tI . . . ."..., 46) = 46
31805 write(1, "J . . . . . . . . . . \tJ . . . ."..., 46) = 46
31805 read(4, "f\0", 2)                 = 2
31805 write(1, "The enemy is attacking...\n", 26) = 26
31805 read(4, "C5\0", 3)                = 3
31805 write(1, "C5: hit!\n", 9)         = 9
31805 write(3, "t\0", 2)                = 2
31805 write(1, "  0 1 2 3 4 5 6 7 8 9 \t  0 1 2 3"..., 46) = 46
31805 write(1, "A x x x x . x x x . . \tA . . . ."..., 46) = 46
31805 write(1, "B . . . . . . . . . . \tB . . . ."..., 46) = 46
31805 write(1, "C x x x . x x . # # . \tC . . . ."..., 46) = 46
31805 write(1, "D . . . . . . . . . . \tD . . . ."..., 46) = 46
31805 write(1, "E # # . # . # . # . # \tE . . . ."..., 46) = 46
31805 write(1, "F . . . . . . . . . . \tF . . . ."..., 46) = 46
31805 write(1, "G . . . . . . . . . . \tG . . . ."..., 46) = 46
31805 write(1, "H . . . . . . . . . . \tH . . . ."..., 46) = 46
31805 write(1, "I . . . . . . . . . . \tI . . . ."..., 46) = 46
31805 write(1, "J . . . . . . . . . . \tJ . . . ."..., 46) = 46
31805 read(4, "f\0", 2)                 = 2
31805 write(1, "The enemy is attacking...\n", 26) = 26
31805 read(4, "C7\0", 3)                = 3
31805 write(1, "C7: hit!\n", 9)         = 9
31805 write(3, "t\0", 2)                = 2
31805 write(1, "  0 1 2 3 4 5 6 7 8 9 \t  0 1 2 3"..., 46) = 46
31805 write(1, "A x x x x . x x x . . \tA . . . ."..., 46) = 46
31805 write(1, "B . . . . . . . . . . \tB . . . ."..., 46) = 46
31805 write(1, "C x x x . x x . x # . \tC . . . ."..., 46) = 46
31805 write(1, "D . . . . . . . . . . \tD . . . ."..., 46) = 46
31805 write(1, "E # # . # . # . # . # \tE . . . ."..., 46) = 46
31805 write(1, "F . . . . . . . . . . \tF . . . ."..., 46) = 46
31805 write(1, "G . . . . . . . . . . \tG . . . ."..., 46) = 46
31805 write(1, "H . . . . . . . . . . \tH . . . ."..., 46) = 46
31805 write(1, "I . . . . . . . . . . \tI . . . ."..., 46) = 46
31805 write(1, "J . . . . . . . . . . \tJ . . . ."..., 46) = 46
31805 read(4, "f\0", 2)                 = 2
31805 write(1, "The enemy is attacking...\n", 26) = 26
31805 read(4, "C8\0", 3)                = 3
31805 write(1, "C8: hit!\n", 9)         = 9
31805 write(3, "t\0", 2)                = 2
31805 write(1, "  0 1 2 3 4 5 6 7 8 9 \t  0 1 2 3"..., 46) = 46
31805 write(1, "A x x x x . x x x . . \tA . . . ."..., 46) = 46
31805 write(1, "B . . . . . . . . . . \tB . . . ."..., 46) = 46
31805 write(1, "C x x x . x x . x x . \tC . . . ."..., 46) = 46
31805 write(1, "D . . . . . . . . . . \tD . . . ."..., 46) = 46
31805 write(1, "E # # . # . # . # . # \tE . . . ."..., 46) = 46
31805 write(1, "F . . . . . . . . . . \tF . . . ."..., 46) = 46
31805 write(1, "G . . . . . . . . . . \tG . . . ."..., 46) = 46
31805 write(1, "H . . . . . . . . . . \tH . . . ."..., 46) = 46
31805 write(1, "I . . . . . . . . . . \tI . . . ."..., 46) = 46
31805 write(1, "J . . . . . . . . . . \tJ . . . ."..., 46) = 46
31805 read(4, "f\0", 2)                 = 2
31805 write(1, "The enemy is attacking...\n", 26) = 26
31805 read(4, "E0\0", 3)                = 3
31805 write(1, "E0: hit!\n", 9)         = 9
31805 write(3, "t\0", 2)                = 2
31805 write(1, "  0 1 2 3 4 5 6 7 8 9 \t  0 1 2 3"..., 46) = 46
31805 write(1, "A x x x x . x x x . . \tA . . . ."..., 46) = 46
31805 write(1, "B . . . . . . . . . . \tB . . . ."..., 46) = 46
31805 write(1, "C x x x . x x . x x . \tC . . . ."..., 46) = 46
31805 write(1, "D . . . . . . . . . . \tD . . . ."..., 46) = 46
31805 write(1, "E x # . # . # . # . # \tE . . . ."..., 46) = 46
31805 write(1, "F . . . . . . . . . . \tF . . . ."..., 46) = 46
31805 write(1, "G . . . . . . . . . . \tG . . . ."..., 46) = 46
31805 write(1, "H . . . . . . . . . . \tH . . . ."..., 46) = 46
31805 write(1, "I . . . . . . . . . . \tI . . . ."..., 46) = 46
31805 write(1, "J . . . . . . . . . . \tJ . . . ."..., 46) = 46
31805 read(4, "f\0", 2)                 = 2
31805 write(1, "The enemy is attacking...\n", 26) = 26
31805 read(4, "E1\0", 3)                = 3
31805 write(1, "E1: hit!\n", 9)         = 9
31805 write(3, "t\0", 2)                = 2
31805 write(1, "  0 1 2 3 4 5 6 7 8 9 \t  0 1 2 3"..., 46) = 46
31805 write(1, "A x x x x . x x x . . \tA . . . ."..., 46) = 46
31805 write(1, "B . . . . . . . . . . \tB . . . ."..., 46) = 46
31805 write(1, "C x x x . x x . x x . \tC . . . ."..., 46) = 46
31805 write(1, "D . . . . . . . . . . \tD . . . ."..., 46) = 46
31805 write(1, "E x x . # . # . # . # \tE . . . ."..., 46) = 46
31805 write(1, "F . . . . . . . . . . \tF . . . ."..., 46) = 46
31805 write(1, "G . . . . . . . . . . \tG . . . ."..., 46) = 46
31805 write(1, "H . . . . . . . . . . \tH . . . ."..., 46) = 46
31805 write(1, "I . . . . . . . . . . \tI . . . ."..., 46) = 46
31805 write(1, "J . . . . . . . . . . \tJ . . . ."..., 46) = 46
31805 read(4, "f\0", 2)                 = 2
31805 write(1, "The enemy is attacking...\n", 26) = 26
31805 read(4, "E3\0", 3)                = 3
31805 write(1, "E3: hit!\n", 9)         = 9
31805 write(3, "t\0", 2)                = 2
31805 write(1, "  0 1 2 3 4 5 6 7 8 9 \t  0 1 2 3"..., 46) = 46
31805 write(1, "A x x x x . x x x . . \tA . . . ."..., 46) = 46
31805 write(1, "B . . . . . . . . . . \tB . . . ."..., 46) = 46
31805 write(1, "C x x x . x x . x x . \tC . . . ."..., 46) = 46
31805 write(1, "D . . . . . . . . . . \tD . . . ."..., 46) = 46
31805 write(1, "E x x . x . # . # . # \tE . . . ."..., 46) = 46
31805 write(1, "F . . . . . . . . . . \tF . . . ."..., 46) = 46
31805 write(1, "G . . . . . . . . . . \tG . . . ."..., 46) = 46
31805 write(1, "H . . . . . . . . . . \tH . . . ."..., 46) = 46
31805 write(1, "I . . . . . . . . . . \tI . . . ."..., 46) = 46
31805 write(1, "J . . . . . . . . . . \tJ . . . ."..., 46) = 46
31805 read(4, "f\0", 2)                 = 2
31805 write(1, "The enemy is attacking...\n", 26) = 26
31805 read(4, "E5\0", 3)                = 3
31805 write(1, "E5: hit!\n", 9)         = 9
31805 write(3, "t\0", 2)                = 2
31805 write(1, "  0 1 2 3 4 5 6 7 8 9 \t  0 1 2 3"..., 46) = 46
31805 write(1, "A x x x x . x x x . . \tA . . . ."..., 46) = 46
31805 write(1, "B . . . . . . . . . . \tB . . . ."..., 46) = 46
31805 write(1, "C x x x . x x . x x . \tC . . . ."..., 46) = 46
31805 write(1, "D . . . . . . . . . . \tD . . . ."..., 46) = 46
31805 write(1, "E x x . x . x . # . # \tE . . . ."..., 46) = 46
31805 write(1, "F . . . . . . . . . . \tF . . . ."..., 46) = 46
31805 write(1, "G . . . . . . . . . . \tG . . . ."..., 46) = 46
31805 write(1, "H . . . . . . . . . . \tH . . . ."..., 46) = 46
31805 write(1, "I . . . . . . . . . . \tI . . . ."..., 46) = 46
31805 write(1, "J . . . . . . . . . . \tJ . . . ."..., 46) = 46
31805 read(4, "f\0", 2)                 = 2
31805 write(1, "The enemy is attacking...\n", 26) = 26
31805 read(4, "E7\0", 3)                = 3
31805 write(1, "E7: hit!\n", 9)         = 9
31805 write(3, "t\0", 2)                = 2
31805 write(1, "  0 1 2 3 4 5 6 7 8 9 \t  0 1 2 3"..., 46) = 46
31805 write(1, "A x x x x . x x x . . \tA . . . ."..., 46) = 46
31805 write(1, "B . . . . . . . . . . \tB . . . ."..., 46) = 46
31805 write(1, "C x x x . x x . x x . \tC . . . ."..., 46) = 46
31805 write(1, "D . . . . . . . . . . \tD . . . ."..., 46) = 46
31805 write(1, "E x x . x . x . x . # \tE . . . ."..., 46) = 46
31805 write(1, "F . . . . . . . . . . \tF . . . ."..., 46) = 46
31805 write(1, "G . . . . . . . . . . \tG . . . ."..., 46) = 46
31805 write(1, "H . . . . . . . . . . \tH . . . ."..., 46) = 46
31805 write(1, "I . . . . . . . . . . \tI . . . ."..., 46) = 46
31805 write(1, "J . . . . . . . . . . \tJ . . . ."..., 46) = 46
31805 read(4, "f\0", 2)                 = 2
31805 write(1, "The enemy is attacking...\n", 26) = 26
31805 read(4, "E9\0", 3)                = 3
31805 write(1, "E9: hit!\n", 9)         = 9
31805 write(3, "t\0", 2)                = 2
31805 write(1, "  0 1 2 3 4 5 6 7 8 9 \t  0 1 2 3"..., 46) = 46
31805 write(1, "A x x x x . x x x . . \tA . . . ."..., 46) = 46
31805 write(1, "B . . . . . . . . . . \tB . . . ."..., 46) = 46
31805 write(1, "C x x x . x x . x x . \tC . . . ."..., 46) = 46
31805 write(1, "D . . . . . . . . . . \tD . . . ."..., 46) = 46
31805 write(1, "E x x . x . x . x . x \tE . . . ."..., 46) = 46
31805 write(1, "F . . . . . . . . . . \tF . . . ."..., 46) = 46
31805 write(1, "G . . . . . . . . . . \tG . . . ."..., 46) = 46
31805 write(1, "H . . . . . . . . . . \tH . . . ."..., 46) = 46
31805 write(1, "I . . . . . . . . . . \tI . . . ."..., 46) = 46
31805 write(1, "J . . . . . . . . . . \tJ . . . ."..., 46) = 46
31805 read(4, "t\0", 2)                 = 2
31805 read(4, "qwerty\0", 12)           = 7
31805 write(1, "qwerty won\n", 11)      = 11
31805 close(3)                          = 0
31805 close(4)                          = 0
31805 unlink("./tmp/zxcvb_req")         = 0
31805 unlink("./tmp/zxcvb_rep")         = 0
31805 lseek(0, -75, SEEK_CUR)           = 49
31805 exit_group(0)                     = ?
31805 +++ exited with 0 +++
