31726 execve("./server", ["./server"], 0x7fff7a1e5980 /* 16 vars */) = 0
31726 brk(NULL)                         = 0x5f62de54b000
31726 access("/etc/ld.so.preload", R_OK) = -1 ENOENT (Нет такого файла или каталога)
31726 openat(AT_FDCWD, "/etc/ld.so.cache", O_RDONLY|O_CLOEXEC) = 3
31726 fstat(3, {st_mode=S_IFREG|0644, st_size=110395, ...}) = 0
31726 mmap(NULL, 110395, PROT_READ, MAP_PRIVATE, 3, 0) = 0x7df50461a000
31726 close(3)                          = 0
31726 openat(AT_FDCWD, "/usr/lib/libzmq.so.5", O_RDONLY|O_CLOEXEC) = 3
31726 read(3, "\177ELF\2\1\1\0\0\0\0\0\0\0\0\0\3\0>\0\1\0\0\0\0\0\0\0\0\0\0\0"..., 832) = 832
31726 fstat(3, {st_mode=S_IFREG|0755, st_size=935952, ...}) = 0
31726 mmap(NULL, 8192, PROT_READ|PROT_WRITE, MAP_PRIVATE|MAP_ANONYMOUS, -1, 0) = 0x7df504618000
31726 mmap(NULL, 933976, PROT_READ, MAP_PRIVATE|MAP_DENYWRITE, 3, 0) = 0x7df504533000
31726 mmap(0x7df504577000, 471040, PROT_READ|PROT_EXEC, MAP_PRIVATE|MAP_FIXED|MAP_DENYWRITE, 3, 0x44000) = 0x7df504577000
31726 mmap(0x7df5045ea000, 143360, PROT_READ, MAP_PRIVATE|MAP_FIXED|MAP_DENYWRITE, 3, 0xb7000) = 0x7df5045ea000
31726 mmap(0x7df50460d000, 45056, PROT_READ|PROT_WRITE, MAP_PRIVATE|MAP_FIXED|MAP_DENYWRITE, 3, 0xda000) = 0x7df50460d000
31726 close(3)                          = 0
31726 openat(AT_FDCWD, "/usr/lib/libstdc++.so.6", O_RDONLY|O_CLOEXEC) = 3
31726 read(3, "\177ELF\2\1\1\3\0\0\0\0\0\0\0\0\3\0>\0\1\0\0\0\0\0\0\0\0\0\0\0"..., 832) = 832
31726 fstat(3, {st_mode=S_IFREG|0755, st_size=21512744, ...}) = 0
31726 mmap(NULL, 2597056, PROT_READ, MAP_PRIVATE|MAP_DENYWRITE, 3, 0) = 0x7df504200000
31726 mmap(0x7df50429c000, 1273856, PROT_READ|PROT_EXEC, MAP_PRIVATE|MAP_FIXED|MAP_DENYWRITE, 3, 0x9c000) = 0x7df50429c000
31726 mmap(0x7df5043d3000, 614400, PROT_READ, MAP_PRIVATE|MAP_FIXED|MAP_DENYWRITE, 3, 0x1d3000) = 0x7df5043d3000
31726 mmap(0x7df504469000, 57344, PROT_READ|PROT_WRITE, MAP_PRIVATE|MAP_FIXED|MAP_DENYWRITE, 3, 0x269000) = 0x7df504469000
31726 mmap(0x7df504477000, 12480, PROT_READ|PROT_WRITE, MAP_PRIVATE|MAP_FIXED|MAP_ANONYMOUS, -1, 0) = 0x7df504477000
31726 close(3)                          = 0
31726 openat(AT_FDCWD, "/usr/lib/libm.so.6", O_RDONLY|O_CLOEXEC) = 3
31726 read(3, "\177ELF\2\1\1\3\0\0\0\0\0\0\0\0\3\0>\0\1\0\0\0\0\0\0\0\0\0\0\0"..., 832) = 832
31726 fstat(3, {st_mode=S_IFREG|0755, st_size=960856, ...}) = 0
31726 mmap(NULL, 962856, PROT_READ, MAP_PRIVATE|MAP_DENYWRITE, 3, 0) = 0x7df504114000
31726 mmap(0x7df504122000, 524288, PROT_READ|PROT_EXEC, MAP_PRIVATE|MAP_FIXED|MAP_DENYWRITE, 3, 0xe000) = 0x7df504122000
31726 mmap(0x7df5041a2000, 376832, PROT_READ, MAP_PRIVATE|MAP_FIXED|MAP_DENYWRITE, 3, 0x8e000) = 0x7df5041a2000
31726 mmap(0x7df5041fe000, 8192, PROT_READ|PROT_WRITE, MAP_PRIVATE|MAP_FIXED|MAP_DENYWRITE, 3, 0xe9000) = 0x7df5041fe000
31726 close(3)                          = 0
31726 openat(AT_FDCWD, "/usr/lib/libgcc_s.so.1", O_RDONLY|O_CLOEXEC) = 3
31726 read(3, "\177ELF\2\1\1\0\0\0\0\0\0\0\0\0\3\0>\0\1\0\0\0\0\0\0\0\0\0\0\0"..., 832) = 832
31726 fstat(3, {st_mode=S_IFREG|0644, st_size=728120, ...}) = 0
31726 mmap(NULL, 147912, PROT_READ, MAP_PRIVATE|MAP_DENYWRITE, 3, 0) = 0x7df50450e000
31726 mmap(0x7df504512000, 110592, PROT_READ|PROT_EXEC, MAP_PRIVATE|MAP_FIXED|MAP_DENYWRITE, 3, 0x4000) = 0x7df504512000
31726 mmap(0x7df50452d000, 16384, PROT_READ, MAP_PRIVATE|MAP_FIXED|MAP_DENYWRITE, 3, 0x1f000) = 0x7df50452d000
31726 mmap(0x7df504531000, 8192, PROT_READ|PROT_WRITE, MAP_PRIVATE|MAP_FIXED|MAP_DENYWRITE, 3, 0x22000) = 0x7df504531000
31726 close(3)                          = 0
31726 openat(AT_FDCWD, "/usr/lib/libc.so.6", O_RDONLY|O_CLOEXEC) = 3
31726 read(3, "\177ELF\2\1\1\3\0\0\0\0\0\0\0\0\3\0>\0\1\0\0\0\220^\2\0\0\0\0\0"..., 832) = 832
31726 pread64(3, "\6\0\0\0\4\0\0\0@\0\0\0\0\0\0\0@\0\0\0\0\0\0\0@\0\0\0\0\0\0\0"..., 784, 64) = 784
31726 fstat(3, {st_mode=S_IFREG|0755, st_size=1948952, ...}) = 0
31726 pread64(3, "\6\0\0\0\4\0\0\0@\0\0\0\0\0\0\0@\0\0\0\0\0\0\0@\0\0\0\0\0\0\0"..., 784, 64) = 784
31726 mmap(NULL, 1973104, PROT_READ, MAP_PRIVATE|MAP_DENYWRITE, 3, 0) = 0x7df503f32000
31726 mmap(0x7df503f56000, 1421312, PROT_READ|PROT_EXEC, MAP_PRIVATE|MAP_FIXED|MAP_DENYWRITE, 3, 0x24000) = 0x7df503f56000
31726 mmap(0x7df5040b1000, 348160, PROT_READ, MAP_PRIVATE|MAP_FIXED|MAP_DENYWRITE, 3, 0x17f000) = 0x7df5040b1000
31726 mmap(0x7df504106000, 24576, PROT_READ|PROT_WRITE, MAP_PRIVATE|MAP_FIXED|MAP_DENYWRITE, 3, 0x1d3000) = 0x7df504106000
31726 mmap(0x7df50410c000, 31600, PROT_READ|PROT_WRITE, MAP_PRIVATE|MAP_FIXED|MAP_ANONYMOUS, -1, 0) = 0x7df50410c000
31726 close(3)                          = 0
31726 openat(AT_FDCWD, "/usr/lib/libgnutls.so.30", O_RDONLY|O_CLOEXEC) = 3
31726 read(3, "\177ELF\2\1\1\0\0\0\0\0\0\0\0\0\3\0>\0\1\0\0\0\0\0\0\0\0\0\0\0"..., 832) = 832
31726 fstat(3, {st_mode=S_IFREG|0755, st_size=2098400, ...}) = 0
31726 mmap(NULL, 2112960, PROT_READ, MAP_PRIVATE|MAP_DENYWRITE, 3, 0) = 0x7df503c00000
31726 mmap(0x7df503c37000, 1269760, PROT_READ|PROT_EXEC, MAP_PRIVATE|MAP_FIXED|MAP_DENYWRITE, 3, 0x37000) = 0x7df503c37000
31726 mmap(0x7df503d6d000, 528384, PROT_READ, MAP_PRIVATE|MAP_FIXED|MAP_DENYWRITE, 3, 0x16d000) = 0x7df503d6d000
31726 mmap(0x7df503dee000, 77824, PROT_READ|PROT_WRITE, MAP_PRIVATE|MAP_FIXED|MAP_DENYWRITE, 3, 0x1ed000) = 0x7df503dee000
31726 mmap(0x7df503e01000, 11712, PROT_READ|PROT_WRITE, MAP_PRIVATE|MAP_FIXED|MAP_ANONYMOUS, -1, 0) = 0x7df503e01000
31726 close(3)                          = 0
31726 openat(AT_FDCWD, "/usr/lib/libsodium.so.26", O_RDONLY|O_CLOEXEC) = 3
31726 read(3, "\177ELF\2\1\1\0\0\0\0\0\0\0\0\0\3\0>\0\1\0\0\0\0\0\0\0\0\0\0\0"..., 832) = 832
31726 fstat(3, {st_mode=S_IFREG|0755, st_size=384760, ...}) = 0
31726 mmap(NULL, 8192, PROT_READ|PROT_WRITE, MAP_PRIVATE|MAP_ANONYMOUS, -1, 0) = 0x7df50450c000
31726 mmap(NULL, 383096, PROT_READ, MAP_PRIVATE|MAP_DENYWRITE, 3, 0) = 0x7df5044ae000
31726 mmap(0x7df5044bc000, 245760, PROT_READ|PROT_EXEC, MAP_PRIVATE|MAP_FIXED|MAP_DENYWRITE, 3, 0xe000) = 0x7df5044bc000
31726 mmap(0x7df5044f8000, 73728, PROT_READ, MAP_PRIVATE|MAP_FIXED|MAP_DENYWRITE, 3, 0x4a000) = 0x7df5044f8000
31726 mmap(0x7df50450a000, 8192, PROT_READ|PROT_WRITE, MAP_PRIVATE|MAP_FIXED|MAP_DENYWRITE, 3, 0x5c000) = 0x7df50450a000
31726 close(3)                          = 0
31726 openat(AT_FDCWD, "/usr/lib/libpgm-5.3.so.0", O_RDONLY|O_CLOEXEC) = 3
31726 read(3, "\177ELF\2\1\1\0\0\0\0\0\0\0\0\0\3\0>\0\1\0\0\0\0\0\0\0\0\0\0\0"..., 832) = 832
31726 fstat(3, {st_mode=S_IFREG|0755, st_size=284584, ...}) = 0
31726 mmap(NULL, 300304, PROT_READ, MAP_PRIVATE|MAP_DENYWRITE, 3, 0) = 0x7df503ee8000
31726 mmap(0x7df503eec000, 155648, PROT_READ|PROT_EXEC, MAP_PRIVATE|MAP_FIXED|MAP_DENYWRITE, 3, 0x4000) = 0x7df503eec000
31726 mmap(0x7df503f12000, 106496, PROT_READ, MAP_PRIVATE|MAP_FIXED|MAP_DENYWRITE, 3, 0x2a000) = 0x7df503f12000
31726 mmap(0x7df503f2c000, 8192, PROT_READ|PROT_WRITE, MAP_PRIVATE|MAP_FIXED|MAP_DENYWRITE, 3, 0x44000) = 0x7df503f2c000
31726 mmap(0x7df503f2e000, 13584, PROT_READ|PROT_WRITE, MAP_PRIVATE|MAP_FIXED|MAP_ANONYMOUS, -1, 0) = 0x7df503f2e000
31726 close(3)                          = 0
31726 openat(AT_FDCWD, "/usr/lib/libz.so.1", O_RDONLY|O_CLOEXEC) = 3
31726 read(3, "\177ELF\2\1\1\0\0\0\0\0\0\0\0\0\3\0>\0\1\0\0\0\0\0\0\0\0\0\0\0"..., 832) = 832
31726 fstat(3, {st_mode=S_IFREG|0755, st_size=100296, ...}) = 0
31726 mmap(NULL, 102416, PROT_READ, MAP_PRIVATE|MAP_DENYWRITE, 3, 0) = 0x7df504494000
31726 mmap(0x7df504497000, 57344, PROT_READ|PROT_EXEC, MAP_PRIVATE|MAP_FIXED|MAP_DENYWRITE, 3, 0x3000) = 0x7df504497000
31726 mmap(0x7df5044a5000, 28672, PROT_READ, MAP_PRIVATE|MAP_FIXED|MAP_DENYWRITE, 3, 0x11000) = 0x7df5044a5000
31726 mmap(0x7df5044ac000, 8192, PROT_READ|PROT_WRITE, MAP_PRIVATE|MAP_FIXED|MAP_DENYWRITE, 3, 0x17000) = 0x7df5044ac000
31726 close(3)                          = 0
31726 openat(AT_FDCWD, "/usr/lib/libp11-kit.so.0", O_RDONLY|O_CLOEXEC) = 3
31726 read(3, "\177ELF\2\1\1\0\0\0\0\0\0\0\0\0\3\0>\0\1\0\0\0\0\0\0\0\0\0\0\0"..., 832) = 832
31726 fstat(3, {st_mode=S_IFREG|0755, st_size=1660304, ...}) = 0
31726 mmap(NULL, 1660168, PROT_READ, MAP_PRIVATE|MAP_DENYWRITE, 3, 0) = 0x7df503a6a000
31726 mmap(0x7df503a9f000, 864256, PROT_READ|PROT_EXEC, MAP_PRIVATE|MAP_FIXED|MAP_DENYWRITE, 3, 0x35000) = 0x7df503a9f000
31726 mmap(0x7df503b72000, 479232, PROT_READ, MAP_PRIVATE|MAP_FIXED|MAP_DENYWRITE, 3, 0x108000) = 0x7df503b72000
31726 mmap(0x7df503be7000, 98304, PROT_READ|PROT_WRITE, MAP_PRIVATE|MAP_FIXED|MAP_DENYWRITE, 3, 0x17d000) = 0x7df503be7000
31726 mmap(0x7df503bff000, 1288, PROT_READ|PROT_WRITE, MAP_PRIVATE|MAP_FIXED|MAP_ANONYMOUS, -1, 0) = 0x7df503bff000
31726 close(3)                          = 0
31726 openat(AT_FDCWD, "/usr/lib/libbrotlienc.so.1", O_RDONLY|O_CLOEXEC) = 3
31726 read(3, "\177ELF\2\1\1\0\0\0\0\0\0\0\0\0\3\0>\0\1\0\0\0\0\0\0\0\0\0\0\0"..., 832) = 832
31726 fstat(3, {st_mode=S_IFREG|0755, st_size=723272, ...}) = 0
31726 mmap(NULL, 725544, PROT_READ, MAP_PRIVATE|MAP_DENYWRITE, 3, 0) = 0x7df503e36000
31726 mmap(0x7df503e37000, 385024, PROT_READ|PROT_EXEC, MAP_PRIVATE|MAP_FIXED|MAP_DENYWRITE, 3, 0x1000) = 0x7df503e37000
31726 mmap(0x7df503e95000, 331776, PROT_READ, MAP_PRIVATE|MAP_FIXED|MAP_DENYWRITE, 3, 0x5f000) = 0x7df503e95000
31726 mmap(0x7df503ee6000, 8192, PROT_READ|PROT_WRITE, MAP_PRIVATE|MAP_FIXED|MAP_DENYWRITE, 3, 0xaf000) = 0x7df503ee6000
31726 close(3)                          = 0
31726 openat(AT_FDCWD, "/usr/lib/libbrotlidec.so.1", O_RDONLY|O_CLOEXEC) = 3
31726 read(3, "\177ELF\2\1\1\0\0\0\0\0\0\0\0\0\3\0>\0\1\0\0\0\0\0\0\0\0\0\0\0"..., 832) = 832
31726 fstat(3, {st_mode=S_IFREG|0755, st_size=55088, ...}) = 0
31726 mmap(NULL, 8192, PROT_READ|PROT_WRITE, MAP_PRIVATE|MAP_ANONYMOUS, -1, 0) = 0x7df504492000
31726 mmap(NULL, 57360, PROT_READ, MAP_PRIVATE|MAP_DENYWRITE, 3, 0) = 0x7df504483000
31726 mmap(0x7df504484000, 36864, PROT_READ|PROT_EXEC, MAP_PRIVATE|MAP_FIXED|MAP_DENYWRITE, 3, 0x1000) = 0x7df504484000
31726 mmap(0x7df50448d000, 12288, PROT_READ, MAP_PRIVATE|MAP_FIXED|MAP_DENYWRITE, 3, 0xa000) = 0x7df50448d000
31726 mmap(0x7df504490000, 8192, PROT_READ|PROT_WRITE, MAP_PRIVATE|MAP_FIXED|MAP_DENYWRITE, 3, 0xc000) = 0x7df504490000
31726 close(3)                          = 0
31726 openat(AT_FDCWD, "/usr/lib/libzstd.so.1", O_RDONLY|O_CLOEXEC) = 3
31726 read(3, "\177ELF\2\1\1\0\0\0\0\0\0\0\0\0\3\0>\0\1\0\0\0\0\0\0\0\0\0\0\0"..., 832) = 832
31726 fstat(3, {st_mode=S_IFREG|0755, st_size=862080, ...}) = 0
31726 mmap(NULL, 860224, PROT_READ, MAP_PRIVATE|MAP_DENYWRITE, 3, 0) = 0x7df503997000
31726 mmap(0x7df5039a3000, 724992, PROT_READ|PROT_EXEC, MAP_PRIVATE|MAP_FIXED|MAP_DENYWRITE, 3, 0xc000) = 0x7df5039a3000
31726 mmap(0x7df503a54000, 81920, PROT_READ, MAP_PRIVATE|MAP_FIXED|MAP_DENYWRITE, 3, 0xbd000) = 0x7df503a54000
31726 mmap(0x7df503a68000, 8192, PROT_READ|PROT_WRITE, MAP_PRIVATE|MAP_FIXED|MAP_DENYWRITE, 3, 0xd1000) = 0x7df503a68000
31726 close(3)                          = 0
31726 openat(AT_FDCWD, "/usr/lib/libidn2.so.0", O_RDONLY|O_CLOEXEC) = 3
31726 read(3, "\177ELF\2\1\1\0\0\0\0\0\0\0\0\0\3\0>\0\1\0\0\0\0\0\0\0\0\0\0\0"..., 832) = 832
31726 fstat(3, {st_mode=S_IFREG|0755, st_size=132992, ...}) = 0
31726 mmap(NULL, 135184, PROT_READ, MAP_PRIVATE|MAP_DENYWRITE, 3, 0) = 0x7df503e14000
31726 mmap(0x7df503e16000, 16384, PROT_READ|PROT_EXEC, MAP_PRIVATE|MAP_FIXED|MAP_DENYWRITE, 3, 0x2000) = 0x7df503e16000
31726 mmap(0x7df503e1a000, 106496, PROT_READ, MAP_PRIVATE|MAP_FIXED|MAP_DENYWRITE, 3, 0x6000) = 0x7df503e1a000
31726 mmap(0x7df503e34000, 8192, PROT_READ|PROT_WRITE, MAP_PRIVATE|MAP_FIXED|MAP_DENYWRITE, 3, 0x1f000) = 0x7df503e34000
31726 close(3)                          = 0
31726 openat(AT_FDCWD, "/usr/lib/libunistring.so.5", O_RDONLY|O_CLOEXEC) = 3
31726 read(3, "\177ELF\2\1\1\0\0\0\0\0\0\0\0\0\3\0>\0\1\0\0\0\0\0\0\0\0\0\0\0"..., 832) = 832
31726 fstat(3, {st_mode=S_IFREG|0755, st_size=1804144, ...}) = 0
31726 mmap(NULL, 1808616, PROT_READ, MAP_PRIVATE|MAP_DENYWRITE, 3, 0) = 0x7df5037dd000
31726 mmap(0x7df5037ef000, 266240, PROT_READ|PROT_EXEC, MAP_PRIVATE|MAP_FIXED|MAP_DENYWRITE, 3, 0x12000) = 0x7df5037ef000
31726 mmap(0x7df503830000, 1449984, PROT_READ, MAP_PRIVATE|MAP_FIXED|MAP_DENYWRITE, 3, 0x53000) = 0x7df503830000
31726 mmap(0x7df503992000, 20480, PROT_READ|PROT_WRITE, MAP_PRIVATE|MAP_FIXED|MAP_DENYWRITE, 3, 0x1b4000) = 0x7df503992000
31726 close(3)                          = 0
31726 openat(AT_FDCWD, "/usr/lib/libtasn1.so.6", O_RDONLY|O_CLOEXEC) = 3
31726 read(3, "\177ELF\2\1\1\0\0\0\0\0\0\0\0\0\3\0>\0\1\0\0\0\0\0\0\0\0\0\0\0"..., 832) = 832
31726 fstat(3, {st_mode=S_IFREG|0755, st_size=87896, ...}) = 0
31726 mmap(NULL, 90664, PROT_READ, MAP_PRIVATE|MAP_DENYWRITE, 3, 0) = 0x7df5037c6000
31726 mmap(0x7df5037c9000, 57344, PROT_READ|PROT_EXEC, MAP_PRIVATE|MAP_FIXED|MAP_DENYWRITE, 3, 0x3000) = 0x7df5037c9000
31726 mmap(0x7df5037d7000, 16384, PROT_READ, MAP_PRIVATE|MAP_FIXED|MAP_DENYWRITE, 3, 0x11000) = 0x7df5037d7000
31726 mmap(0x7df5037db000, 8192, PROT_READ|PROT_WRITE, MAP_PRIVATE|MAP_FIXED|MAP_DENYWRITE, 3, 0x14000) = 0x7df5037db000
31726 close(3)                          = 0
31726 openat(AT_FDCWD, "/usr/lib/libnettle.so.8", O_RDONLY|O_CLOEXEC) = 3
31726 read(3, "\177ELF\2\1\1\0\0\0\0\0\0\0\0\0\3\0>\0\1\0\0\0\0\0\0\0\0\0\0\0"..., 832) = 832
31726 fstat(3, {st_mode=S_IFREG|0644, st_size=358456, ...}) = 0
31726 mmap(NULL, 356480, PROT_READ, MAP_PRIVATE|MAP_DENYWRITE, 3, 0) = 0x7df50376e000
31726 mmap(0x7df50377c000, 192512, PROT_READ|PROT_EXEC, MAP_PRIVATE|MAP_FIXED|MAP_DENYWRITE, 3, 0xe000) = 0x7df50377c000
31726 mmap(0x7df5037ab000, 98304, PROT_READ, MAP_PRIVATE|MAP_FIXED|MAP_DENYWRITE, 3, 0x3d000) = 0x7df5037ab000
31726 mmap(0x7df5037c3000, 12288, PROT_READ|PROT_WRITE, MAP_PRIVATE|MAP_FIXED|MAP_DENYWRITE, 3, 0x55000) = 0x7df5037c3000
31726 close(3)                          = 0
31726 openat(AT_FDCWD, "/usr/lib/libhogweed.so.6", O_RDONLY|O_CLOEXEC) = 3
31726 read(3, "\177ELF\2\1\1\0\0\0\0\0\0\0\0\0\3\0>\0\1\0\0\0\0\0\0\0\0\0\0\0"..., 832) = 832
31726 fstat(3, {st_mode=S_IFREG|0644, st_size=296904, ...}) = 0
31726 mmap(NULL, 8192, PROT_READ|PROT_WRITE, MAP_PRIVATE|MAP_ANONYMOUS, -1, 0) = 0x7df504481000
31726 mmap(NULL, 294928, PROT_READ, MAP_PRIVATE|MAP_DENYWRITE, 3, 0) = 0x7df503725000
31726 mmap(0x7df50372e000, 77824, PROT_READ|PROT_EXEC, MAP_PRIVATE|MAP_FIXED|MAP_DENYWRITE, 3, 0x9000) = 0x7df50372e000
31726 mmap(0x7df503741000, 172032, PROT_READ, MAP_PRIVATE|MAP_FIXED|MAP_DENYWRITE, 3, 0x1c000) = 0x7df503741000
31726 mmap(0x7df50376b000, 12288, PROT_READ|PROT_WRITE, MAP_PRIVATE|MAP_FIXED|MAP_DENYWRITE, 3, 0x46000) = 0x7df50376b000
31726 close(3)                          = 0
31726 openat(AT_FDCWD, "/usr/lib/libgmp.so.10", O_RDONLY|O_CLOEXEC) = 3
31726 read(3, "\177ELF\2\1\1\0\0\0\0\0\0\0\0\0\3\0>\0\1\0\0\0\0\0\0\0\0\0\0\0"..., 832) = 832
31726 fstat(3, {st_mode=S_IFREG|0755, st_size=678448, ...}) = 0
31726 mmap(NULL, 676464, PROT_READ, MAP_PRIVATE|MAP_DENYWRITE, 3, 0) = 0x7df50367f000
31726 mmap(0x7df503690000, 503808, PROT_READ|PROT_EXEC, MAP_PRIVATE|MAP_FIXED|MAP_DENYWRITE, 3, 0x11000) = 0x7df503690000
31726 mmap(0x7df50370b000, 94208, PROT_READ, MAP_PRIVATE|MAP_FIXED|MAP_DENYWRITE, 3, 0x8c000) = 0x7df50370b000
31726 mmap(0x7df503722000, 12288, PROT_READ|PROT_WRITE, MAP_PRIVATE|MAP_FIXED|MAP_DENYWRITE, 3, 0xa3000) = 0x7df503722000
31726 close(3)                          = 0
31726 openat(AT_FDCWD, "/usr/lib/libffi.so.8", O_RDONLY|O_CLOEXEC) = 3
31726 read(3, "\177ELF\2\1\1\0\0\0\0\0\0\0\0\0\3\0>\0\1\0\0\0\0\0\0\0\0\0\0\0"..., 832) = 832
31726 fstat(3, {st_mode=S_IFREG|0755, st_size=43160, ...}) = 0
31726 mmap(NULL, 42256, PROT_READ, MAP_PRIVATE|MAP_DENYWRITE, 3, 0) = 0x7df503e09000
31726 mmap(0x7df503e0b000, 24576, PROT_READ|PROT_EXEC, MAP_PRIVATE|MAP_FIXED|MAP_DENYWRITE, 3, 0x2000) = 0x7df503e0b000
31726 mmap(0x7df503e11000, 4096, PROT_READ, MAP_PRIVATE|MAP_FIXED|MAP_DENYWRITE, 3, 0x8000) = 0x7df503e11000
31726 mmap(0x7df503e12000, 8192, PROT_READ|PROT_WRITE, MAP_PRIVATE|MAP_FIXED|MAP_DENYWRITE, 3, 0x9000) = 0x7df503e12000
31726 close(3)                          = 0
31726 openat(AT_FDCWD, "/usr/lib/libbrotlicommon.so.1", O_RDONLY|O_CLOEXEC) = 3
31726 read(3, "\177ELF\2\1\1\0\0\0\0\0\0\0\0\0\3\0>\0\1\0\0\0\0\0\0\0\0\0\0\0"..., 832) = 832
31726 fstat(3, {st_mode=S_IFREG|0755, st_size=141192, ...}) = 0
31726 mmap(NULL, 139280, PROT_READ, MAP_PRIVATE|MAP_DENYWRITE, 3, 0) = 0x7df50365c000
31726 mmap(0x7df50365d000, 4096, PROT_READ|PROT_EXEC, MAP_PRIVATE|MAP_FIXED|MAP_DENYWRITE, 3, 0x1000) = 0x7df50365d000
31726 mmap(0x7df50365e000, 126976, PROT_READ, MAP_PRIVATE|MAP_FIXED|MAP_DENYWRITE, 3, 0x2000) = 0x7df50365e000
31726 mmap(0x7df50367d000, 8192, PROT_READ|PROT_WRITE, MAP_PRIVATE|MAP_FIXED|MAP_DENYWRITE, 3, 0x21000) = 0x7df50367d000
31726 close(3)                          = 0
31726 mmap(NULL, 8192, PROT_READ|PROT_WRITE, MAP_PRIVATE|MAP_ANONYMOUS, -1, 0) = 0x7df50447f000
31726 mmap(NULL, 8192, PROT_READ|PROT_WRITE, MAP_PRIVATE|MAP_ANONYMOUS, -1, 0) = 0x7df50447d000
31726 arch_prctl(ARCH_SET_FS, 0x7df50447e3c0) = 0
31726 set_tid_address(0x7df50447e690)   = 31726
31726 set_robust_list(0x7df50447e6a0, 24) = 0
31726 rseq(0x7df50447ece0, 0x20, 0, 0x53053053) = 0
31726 mprotect(0x7df504106000, 16384, PROT_READ) = 0
31726 mprotect(0x7df50367d000, 4096, PROT_READ) = 0
31726 mprotect(0x7df503e12000, 4096, PROT_READ) = 0
31726 mprotect(0x7df503722000, 8192, PROT_READ) = 0
31726 mprotect(0x7df5037c3000, 8192, PROT_READ) = 0
31726 mprotect(0x7df50376b000, 8192, PROT_READ) = 0
31726 mprotect(0x7df5037db000, 4096, PROT_READ) = 0
31726 mprotect(0x7df503992000, 16384, PROT_READ) = 0
31726 mprotect(0x7df503e34000, 4096, PROT_READ) = 0
31726 mprotect(0x7df503a68000, 4096, PROT_READ) = 0
31726 mprotect(0x7df504490000, 4096, PROT_READ) = 0
31726 mprotect(0x7df5041fe000, 4096, PROT_READ) = 0
31726 mprotect(0x7df503ee6000, 4096, PROT_READ) = 0
31726 mprotect(0x7df503be7000, 45056, PROT_READ) = 0
31726 mprotect(0x7df5044ac000, 4096, PROT_READ) = 0
31726 mprotect(0x7df503f2c000, 4096, PROT_READ) = 0
31726 mprotect(0x7df50450a000, 4096, PROT_READ) = 0
31726 mprotect(0x7df503dee000, 69632, PROT_READ) = 0
31726 mprotect(0x7df504531000, 4096, PROT_READ) = 0
31726 mmap(NULL, 8192, PROT_READ|PROT_WRITE, MAP_PRIVATE|MAP_ANONYMOUS, -1, 0) = 0x7df50447b000
31726 mprotect(0x7df504469000, 53248, PROT_READ) = 0
31726 mprotect(0x7df50460d000, 40960, PROT_READ) = 0
31726 mprotect(0x5f62ddb76000, 4096, PROT_READ) = 0
31726 mprotect(0x7df504668000, 8192, PROT_READ) = 0
31726 prlimit64(0, RLIMIT_STACK, NULL, {rlim_cur=8192*1024, rlim_max=RLIM64_INFINITY}) = 0
31726 munmap(0x7df50461a000, 110395)    = 0
31726 getrandom("\x40\x42\xf3\x72\xbf\x6b\x4a\x3d", 8, GRND_NONBLOCK) = 8
31726 brk(NULL)                         = 0x5f62de54b000
31726 brk(0x5f62de56c000)               = 0x5f62de56c000
31726 getrandom("\x1e", 1, GRND_NONBLOCK) = 1
31726 newfstatat(AT_FDCWD, "/etc/gnutls/config", {st_mode=S_IFREG|0644, st_size=303, ...}, 0) = 0
31726 openat(AT_FDCWD, "/etc/gnutls/config", O_RDONLY|O_CLOEXEC) = 3
31726 fstat(3, {st_mode=S_IFREG|0644, st_size=303, ...}) = 0
31726 read(3, "# https://gnutls.org/manual/html"..., 4096) = 303
31726 read(3, "", 4096)                 = 0
31726 lseek(3, 0, SEEK_SET)             = 0
31726 read(3, "# https://gnutls.org/manual/html"..., 4096) = 303
31726 read(3, "", 4096)                 = 0
31726 close(3)                          = 0
31726 futex(0x7df5044776fc, FUTEX_WAKE_PRIVATE, 2147483647) = 0
31726 brk(0x5f62de59a000)               = 0x5f62de59a000
31726 inotify_init()                    = 3
31726 inotify_add_watch(3, "./tmp", IN_CREATE) = 1
31726 read(3, "\1\0\0\0\0\1\0\0\0\0\0\0\20\0\0\0qwerty_req\0\0\0\0\0\0", 32) = 32
31726 read(3, "\1\0\0\0\0\1\0\0\0\0\0\0\20\0\0\0qwerty_rep\0\0\0\0\0\0", 32) = 32
31726 openat(AT_FDCWD, "./tmp/qwerty_req", O_RDWR) = 4
31726 openat(AT_FDCWD, "./tmp/qwerty_rep", O_RDWR) = 5
31726 rt_sigaction(SIGRT_1, {sa_handler=0x7df503fba720, sa_mask=[], sa_flags=SA_RESTORER|SA_ONSTACK|SA_RESTART|SA_SIGINFO, sa_restorer=0x7df503f6e770}, NULL, 8) = 0
31726 rt_sigprocmask(SIG_UNBLOCK, [RTMIN RT_1], NULL, 8) = 0
31726 mmap(NULL, 8392704, PROT_NONE, MAP_PRIVATE|MAP_ANONYMOUS|MAP_STACK, -1, 0) = 0x7df502e00000
31726 mprotect(0x7df502e01000, 8388608, PROT_READ|PROT_WRITE) = 0
31726 rt_sigprocmask(SIG_BLOCK, ~[], [], 8) = 0
31726 clone3({flags=CLONE_VM|CLONE_FS|CLONE_FILES|CLONE_SIGHAND|CLONE_THREAD|CLONE_SYSVSEM|CLONE_SETTLS|CLONE_PARENT_SETTID|CLONE_CHILD_CLEARTID, child_tid=0x7df503600990, parent_tid=0x7df503600990, exit_signal=0, stack=0x7df502e00000, stack_size=0x7ffb40, tls=0x7df5036006c0} => {parent_tid=[31780]}, 88) = 31780
31726 rt_sigprocmask(SIG_SETMASK, [], NULL, 8) = 0
31726 read(3,  <unfinished ...>
31780 rseq(0x7df503600fe0, 0x20, 0, 0x53053053) = 0
31780 set_robust_list(0x7df5036009a0, 24) = 0
31780 rt_sigprocmask(SIG_SETMASK, [], NULL, 8) = 0
31780 read(4, "y\0", 2)                 = 2
31780 read(4,  <unfinished ...>
31726 <... read resumed>"\1\0\0\0\0\1\0\0\0\0\0\0\20\0\0\0zxcvb_req\0\0\0\0\0\0\0", 32) = 32
31726 read(3, "\1\0\0\0\0\1\0\0\0\0\0\0\20\0\0\0zxcvb_rep\0\0\0\0\0\0\0", 32) = 32
31726 openat(AT_FDCWD, "./tmp/zxcvb_req", O_RDWR) = 6
31726 openat(AT_FDCWD, "./tmp/zxcvb_rep", O_RDWR) = 7
31726 mmap(NULL, 8392704, PROT_NONE, MAP_PRIVATE|MAP_ANONYMOUS|MAP_STACK, -1, 0) = 0x7df502400000
31726 mprotect(0x7df502401000, 8388608, PROT_READ|PROT_WRITE) = 0
31726 rt_sigprocmask(SIG_BLOCK, ~[], [], 8) = 0
31726 clone3({flags=CLONE_VM|CLONE_FS|CLONE_FILES|CLONE_SIGHAND|CLONE_THREAD|CLONE_SYSVSEM|CLONE_SETTLS|CLONE_PARENT_SETTID|CLONE_CHILD_CLEARTID, child_tid=0x7df502c00990, parent_tid=0x7df502c00990, exit_signal=0, stack=0x7df502400000, stack_size=0x7ffb40, tls=0x7df502c006c0} => {parent_tid=[31813]}, 88) = 31813
31726 rt_sigprocmask(SIG_SETMASK, [], NULL, 8) = 0
31726 read(3,  <unfinished ...>
31813 rseq(0x7df502c00fe0, 0x20, 0, 0x53053053) = 0
31813 set_robust_list(0x7df502c009a0, 24) = 0
31813 rt_sigprocmask(SIG_SETMASK, [], NULL, 8) = 0
31813 read(6, "n\0", 2)                 = 2
31813 rt_sigprocmask(SIG_BLOCK, ~[RT_1], NULL, 8) = 0
31813 madvise(0x7df502400000, 8368128, MADV_DONTNEED) = 0
31813 exit(0)                           = ?
31813 +++ exited with 0 +++
31780 <... read resumed>"zxcvb\0", 12)  = 6
31780 write(7, "qwerty\0", 7)           = 7
31780 read(6, "y\0", 2)                 = 2
31780 write(5, "y\0", 2)                = 2
31780 read(4, "OK\0", 3)                = 3
31780 read(6, "OK\0", 3)                = 3
31780 write(5, "1\0", 2)                = 2
31780 write(7, "2\0", 2)                = 2
31780 read(4, "A0\0", 3)                = 3
31780 write(7, "A0\0", 3)               = 3
31780 read(6, "t\0", 2)                 = 2
31780 write(5, "t\0", 2)                = 2
31780 read(4, "f\0", 2)                 = 2
31780 write(7, "f\0", 2)                = 2
31780 read(4, "A1\0", 3)                = 3
31780 write(7, "A1\0", 3)               = 3
31780 read(6, "t\0", 2)                 = 2
31780 write(5, "t\0", 2)                = 2
31780 read(4, "f\0", 2)                 = 2
31780 write(7, "f\0", 2)                = 2
31780 read(4, "A2\0", 3)                = 3
31780 write(7, "A2\0", 3)               = 3
31780 read(6, "t\0", 2)                 = 2
31780 write(5, "t\0", 2)                = 2
31780 read(4, "f\0", 2)                 = 2
31780 write(7, "f\0", 2)                = 2
31780 read(4, "A3\0", 3)                = 3
31780 write(7, "A3\0", 3)               = 3
31780 read(6, "t\0", 2)                 = 2
31780 write(5, "t\0", 2)                = 2
31780 read(4, "f\0", 2)                 = 2
31780 write(7, "f\0", 2)                = 2
31780 read(4, "A5\0", 3)                = 3
31780 write(7, "A5\0", 3)               = 3
31780 read(6, "t\0", 2)                 = 2
31780 write(5, "t\0", 2)                = 2
31780 read(4, "f\0", 2)                 = 2
31780 write(7, "f\0", 2)                = 2
31780 read(4, "A6\0", 3)                = 3
31780 write(7, "A6\0", 3)               = 3
31780 read(6, "t\0", 2)                 = 2
31780 write(5, "t\0", 2)                = 2
31780 read(4, "f\0", 2)                 = 2
31780 write(7, "f\0", 2)                = 2
31780 read(4, "A7\0", 3)                = 3
31780 write(7, "A7\0", 3)               = 3
31780 read(6, "t\0", 2)                 = 2
31780 write(5, "t\0", 2)                = 2
31780 read(4, "f\0", 2)                 = 2
31780 write(7, "f\0", 2)                = 2
31780 read(4, "C0\0", 3)                = 3
31780 write(7, "C0\0", 3)               = 3
31780 read(6, "t\0", 2)                 = 2
31780 write(5, "t\0", 2)                = 2
31780 read(4, "f\0", 2)                 = 2
31780 write(7, "f\0", 2)                = 2
31780 read(4, "C1\0", 3)                = 3
31780 write(7, "C1\0", 3)               = 3
31780 read(6, "t\0", 2)                 = 2
31780 write(5, "t\0", 2)                = 2
31780 read(4, "f\0", 2)                 = 2
31780 write(7, "f\0", 2)                = 2
31780 read(4, "C2\0", 3)                = 3
31780 write(7, "C2\0", 3)               = 3
31780 read(6, "t\0", 2)                 = 2
31780 write(5, "t\0", 2)                = 2
31780 read(4, "f\0", 2)                 = 2
31780 write(7, "f\0", 2)                = 2
31780 read(4, "C4\0", 3)                = 3
31780 write(7, "C4\0", 3)               = 3
31780 read(6, "t\0", 2)                 = 2
31780 write(5, "t\0", 2)                = 2
31780 read(4, "f\0", 2)                 = 2
31780 write(7, "f\0", 2)                = 2
31780 read(4, "C5\0", 3)                = 3
31780 write(7, "C5\0", 3)               = 3
31780 read(6, "t\0", 2)                 = 2
31780 write(5, "t\0", 2)                = 2
31780 read(4, "f\0", 2)                 = 2
31780 write(7, "f\0", 2)                = 2
31780 read(4, "C7\0", 3)                = 3
31780 write(7, "C7\0", 3)               = 3
31780 read(6, "t\0", 2)                 = 2
31780 write(5, "t\0", 2)                = 2
31780 read(4, "f\0", 2)                 = 2
31780 write(7, "f\0", 2)                = 2
31780 read(4, "C8\0", 3)                = 3
31780 write(7, "C8\0", 3)               = 3
31780 read(6, "t\0", 2)                 = 2
31780 write(5, "t\0", 2)                = 2
31780 read(4, "f\0", 2)                 = 2
31780 write(7, "f\0", 2)                = 2
31780 read(4, "E0\0", 3)                = 3
31780 write(7, "E0\0", 3)               = 3
31780 read(6, "t\0", 2)                 = 2
31780 write(5, "t\0", 2)                = 2
31780 read(4, "f\0", 2)                 = 2
31780 write(7, "f\0", 2)                = 2
31780 read(4, "E1\0", 3)                = 3
31780 write(7, "E1\0", 3)               = 3
31780 read(6, "t\0", 2)                 = 2
31780 write(5, "t\0", 2)                = 2
31780 read(4, "f\0", 2)                 = 2
31780 write(7, "f\0", 2)                = 2
31780 read(4, "E3\0", 3)                = 3
31780 write(7, "E3\0", 3)               = 3
31780 read(6, "t\0", 2)                 = 2
31780 write(5, "t\0", 2)                = 2
31780 read(4, "f\0", 2)                 = 2
31780 write(7, "f\0", 2)                = 2
31780 read(4, "E5\0", 3)                = 3
31780 write(7, "E5\0", 3)               = 3
31780 read(6, "t\0", 2)                 = 2
31780 write(5, "t\0", 2)                = 2
31780 read(4, "f\0", 2)                 = 2
31780 write(7, "f\0", 2)                = 2
31780 read(4, "E7\0", 3)                = 3
31780 write(7, "E7\0", 3)               = 3
31780 read(6, "t\0", 2)                 = 2
31780 write(5, "t\0", 2)                = 2
31780 read(4, "f\0", 2)                 = 2
31780 write(7, "f\0", 2)                = 2
31780 read(4, "E9\0", 3)                = 3
31780 write(7, "E9\0", 3)               = 3
31780 read(6, "t\0", 2)                 = 2
31780 write(5, "t\0", 2)                = 2
31780 read(4, "t\0", 2)                 = 2
31780 write(7, "t\0", 2)                = 2
31780 write(7, "qwerty\0", 7)           = 7
31780 close(4)                          = 0
31780 close(5)                          = 0
31780 mmap(NULL, 134217728, PROT_NONE, MAP_PRIVATE|MAP_ANONYMOUS, -1, 0) = 0x7df4fa200000
31780 munmap(0x7df4fa200000, 31457280)  = 0
31780 munmap(0x7df500000000, 35651584)  = 0
31780 mprotect(0x7df4fc000000, 135168, PROT_READ|PROT_WRITE) = 0
31780 close(6)                          = 0
31780 close(7)                          = 0
31780 rt_sigprocmask(SIG_BLOCK, ~[RT_1], NULL, 8) = 0
31780 madvise(0x7df502e00000, 8368128, MADV_DONTNEED) = 0
31780 exit(0)                           = ?
31780 +++ exited with 0 +++
31726 <... read resumed>0x7ffd7187d430, 32) = ? ERESTARTSYS (To be restarted if SA_RESTART is set)
31726 --- SIGINT {si_signo=SIGINT, si_code=SI_KERNEL} ---
31726 +++ killed by SIGINT +++
