20962 execve("./lw1_exe", ["./lw1_exe"], 0x7ffc787707f0 /* 58 vars */) = 0
20962 brk(NULL)                         = 0x579658aab000
20962 access("/etc/ld.so.preload", R_OK) = -1 ENOENT (Нет такого файла или каталога)
20962 openat(AT_FDCWD, "/etc/ld.so.cache", O_RDONLY|O_CLOEXEC) = 3
20962 fstat(3, {st_mode=S_IFREG|0644, st_size=110395, ...}) = 0
20962 mmap(NULL, 110395, PROT_READ, MAP_PRIVATE, 3, 0) = 0x7246e016e000
20962 close(3)                          = 0
20962 openat(AT_FDCWD, "/usr/lib/libstdc++.so.6", O_RDONLY|O_CLOEXEC) = 3
20962 read(3, "\177ELF\2\1\1\3\0\0\0\0\0\0\0\0\3\0>\0\1\0\0\0\0\0\0\0\0\0\0\0"..., 832) = 832
20962 fstat(3, {st_mode=S_IFREG|0755, st_size=21512744, ...}) = 0
20962 mmap(NULL, 8192, PROT_READ|PROT_WRITE, MAP_PRIVATE|MAP_ANONYMOUS, -1, 0) = 0x7246e016c000
20962 mmap(NULL, 2597056, PROT_READ, MAP_PRIVATE|MAP_DENYWRITE, 3, 0) = 0x7246dfe00000
20962 mmap(0x7246dfe9c000, 1273856, PROT_READ|PROT_EXEC, MAP_PRIVATE|MAP_FIXED|MAP_DENYWRITE, 3, 0x9c000) = 0x7246dfe9c000
20962 mmap(0x7246dffd3000, 614400, PROT_READ, MAP_PRIVATE|MAP_FIXED|MAP_DENYWRITE, 3, 0x1d3000) = 0x7246dffd3000
20962 mmap(0x7246e0069000, 57344, PROT_READ|PROT_WRITE, MAP_PRIVATE|MAP_FIXED|MAP_DENYWRITE, 3, 0x269000) = 0x7246e0069000
20962 mmap(0x7246e0077000, 12480, PROT_READ|PROT_WRITE, MAP_PRIVATE|MAP_FIXED|MAP_ANONYMOUS, -1, 0) = 0x7246e0077000
20962 close(3)                          = 0
20962 openat(AT_FDCWD, "/usr/lib/libm.so.6", O_RDONLY|O_CLOEXEC) = 3
20962 read(3, "\177ELF\2\1\1\3\0\0\0\0\0\0\0\0\3\0>\0\1\0\0\0\0\0\0\0\0\0\0\0"..., 832) = 832
20962 fstat(3, {st_mode=S_IFREG|0755, st_size=960856, ...}) = 0
20962 mmap(NULL, 962856, PROT_READ, MAP_PRIVATE|MAP_DENYWRITE, 3, 0) = 0x7246e0080000
20962 mmap(0x7246e008e000, 524288, PROT_READ|PROT_EXEC, MAP_PRIVATE|MAP_FIXED|MAP_DENYWRITE, 3, 0xe000) = 0x7246e008e000
20962 mmap(0x7246e010e000, 376832, PROT_READ, MAP_PRIVATE|MAP_FIXED|MAP_DENYWRITE, 3, 0x8e000) = 0x7246e010e000
20962 mmap(0x7246e016a000, 8192, PROT_READ|PROT_WRITE, MAP_PRIVATE|MAP_FIXED|MAP_DENYWRITE, 3, 0xe9000) = 0x7246e016a000
20962 close(3)                          = 0
20962 openat(AT_FDCWD, "/usr/lib/libgcc_s.so.1", O_RDONLY|O_CLOEXEC) = 3
20962 read(3, "\177ELF\2\1\1\0\0\0\0\0\0\0\0\0\3\0>\0\1\0\0\0\0\0\0\0\0\0\0\0"..., 832) = 832
20962 fstat(3, {st_mode=S_IFREG|0644, st_size=728120, ...}) = 0
20962 mmap(NULL, 147912, PROT_READ, MAP_PRIVATE|MAP_DENYWRITE, 3, 0) = 0x7246dfddb000
20962 mmap(0x7246dfddf000, 110592, PROT_READ|PROT_EXEC, MAP_PRIVATE|MAP_FIXED|MAP_DENYWRITE, 3, 0x4000) = 0x7246dfddf000
20962 mmap(0x7246dfdfa000, 16384, PROT_READ, MAP_PRIVATE|MAP_FIXED|MAP_DENYWRITE, 3, 0x1f000) = 0x7246dfdfa000
20962 mmap(0x7246dfdfe000, 8192, PROT_READ|PROT_WRITE, MAP_PRIVATE|MAP_FIXED|MAP_DENYWRITE, 3, 0x22000) = 0x7246dfdfe000
20962 close(3)                          = 0
20962 openat(AT_FDCWD, "/usr/lib/libc.so.6", O_RDONLY|O_CLOEXEC) = 3
20962 read(3, "\177ELF\2\1\1\3\0\0\0\0\0\0\0\0\3\0>\0\1\0\0\0\220^\2\0\0\0\0\0"..., 832) = 832
20962 pread64(3, "\6\0\0\0\4\0\0\0@\0\0\0\0\0\0\0@\0\0\0\0\0\0\0@\0\0\0\0\0\0\0"..., 784, 64) = 784
20962 fstat(3, {st_mode=S_IFREG|0755, st_size=1948952, ...}) = 0
20962 pread64(3, "\6\0\0\0\4\0\0\0@\0\0\0\0\0\0\0@\0\0\0\0\0\0\0@\0\0\0\0\0\0\0"..., 784, 64) = 784
20962 mmap(NULL, 1973104, PROT_READ, MAP_PRIVATE|MAP_DENYWRITE, 3, 0) = 0x7246dfbf9000
20962 mmap(0x7246dfc1d000, 1421312, PROT_READ|PROT_EXEC, MAP_PRIVATE|MAP_FIXED|MAP_DENYWRITE, 3, 0x24000) = 0x7246dfc1d000
20962 mmap(0x7246dfd78000, 348160, PROT_READ, MAP_PRIVATE|MAP_FIXED|MAP_DENYWRITE, 3, 0x17f000) = 0x7246dfd78000
20962 mmap(0x7246dfdcd000, 24576, PROT_READ|PROT_WRITE, MAP_PRIVATE|MAP_FIXED|MAP_DENYWRITE, 3, 0x1d3000) = 0x7246dfdcd000
20962 mmap(0x7246dfdd3000, 31600, PROT_READ|PROT_WRITE, MAP_PRIVATE|MAP_FIXED|MAP_ANONYMOUS, -1, 0) = 0x7246dfdd3000
20962 close(3)                          = 0
20962 mmap(NULL, 8192, PROT_READ|PROT_WRITE, MAP_PRIVATE|MAP_ANONYMOUS, -1, 0) = 0x7246e007e000
20962 arch_prctl(ARCH_SET_FS, 0x7246e007f500) = 0
20962 set_tid_address(0x7246e007f7d0)   = 20962
20962 set_robust_list(0x7246e007f7e0, 24) = 0
20962 rseq(0x7246e007fe20, 0x20, 0, 0x53053053) = 0
20962 mprotect(0x7246dfdcd000, 16384, PROT_READ) = 0
20962 mprotect(0x7246dfdfe000, 4096, PROT_READ) = 0
20962 mprotect(0x7246e016a000, 4096, PROT_READ) = 0
20962 mmap(NULL, 8192, PROT_READ|PROT_WRITE, MAP_PRIVATE|MAP_ANONYMOUS, -1, 0) = 0x7246e007c000
20962 mprotect(0x7246e0069000, 53248, PROT_READ) = 0
20962 mprotect(0x5796582a7000, 4096, PROT_READ) = 0
20962 mprotect(0x7246e01bc000, 8192, PROT_READ) = 0
20962 prlimit64(0, RLIMIT_STACK, NULL, {rlim_cur=8192*1024, rlim_max=RLIM64_INFINITY}) = 0
20962 munmap(0x7246e016e000, 110395)    = 0
20962 futex(0x7246e00776fc, FUTEX_WAKE_PRIVATE, 2147483647) = 0
20962 getrandom("\x27\xfa\x17\xeb\x5f\x98\xf8\xa6", 8, GRND_NONBLOCK) = 8
20962 brk(NULL)                         = 0x579658aab000
20962 brk(0x579658acc000)               = 0x579658acc000
20962 openat(AT_FDCWD, "in", O_RDONLY)  = 3
20962 dup3(3, 0, 0)                     = 0
20962 close(3)                          = 0
20962 fstat(1, {st_mode=S_IFCHR|0620, st_rdev=makedev(0x88, 0), ...}) = 0
20962 write(1, "Enter file name: ", 17) = 17
20962 fstat(0, {st_mode=S_IFREG|0644, st_size=31, ...}) = 0
20962 read(0, "out\n1 5 3 5\n2 8 7\n1 \n0\n789 8 55", 4096) = 31
20962 write(1, "Enter commands:\n", 16) = 16
20962 pipe2([3, 4], 0)                  = 0
20962 clone(child_stack=NULL, flags=CLONE_CHILD_CLEARTID|CLONE_CHILD_SETTID|SIGCHLD, child_tidptr=0x7246e007f7d0) = 20963
20963 set_robust_list(0x7246e007f7e0, 24) = 0
20962 close(3)                          = 0
20963 close(4)                          = 0
20963 dup2(3, 0 <unfinished ...>
20962 write(4, "1 5 3 5\n", 8 <unfinished ...>
20963 <... dup2 resumed>)               = 0
20963 close(3 <unfinished ...>
20962 <... write resumed>)              = 8
20963 <... close resumed>)              = 0
20963 execve("lw1_child_proc", ["lw1_child_proc", "out"], 0x7fff49e35528 /* 58 vars */ <unfinished ...>
20962 write(4, "2 8 7\n", 6)            = 6
20962 write(4, "1 \n", 3)               = 3
20962 write(4, "0\n", 2)                = 2
20962 read(0, "", 4096)                 = 0
20962 write(4, "789 8 55\n", 9)         = 9
20962 close(4)                          = 0
20963 <... execve resumed>)             = 0
20963 brk(NULL)                         = 0x5dc08ce9e000
20962 exit_group(0)                     = ?
20963 access("/etc/ld.so.preload", R_OK) = -1 ENOENT (Нет такого файла или каталога)
20963 openat(AT_FDCWD, "/etc/ld.so.cache", O_RDONLY|O_CLOEXEC) = 3
20963 fstat(3, {st_mode=S_IFREG|0644, st_size=110395, ...}) = 0
20963 mmap(NULL, 110395, PROT_READ, MAP_PRIVATE, 3, 0) = 0x720a45790000
20963 close(3)                          = 0
20963 openat(AT_FDCWD, "/usr/lib/libstdc++.so.6", O_RDONLY|O_CLOEXEC) = 3
20963 read(3, "\177ELF\2\1\1\3\0\0\0\0\0\0\0\0\3\0>\0\1\0\0\0\0\0\0\0\0\0\0\0"..., 832) = 832
20963 fstat(3, {st_mode=S_IFREG|0755, st_size=21512744, ...}) = 0
20963 mmap(NULL, 8192, PROT_READ|PROT_WRITE, MAP_PRIVATE|MAP_ANONYMOUS, -1, 0) = 0x720a4578e000
20963 mmap(NULL, 2597056, PROT_READ, MAP_PRIVATE|MAP_DENYWRITE, 3, 0) = 0x720a45400000
20963 mmap(0x720a4549c000, 1273856, PROT_READ|PROT_EXEC, MAP_PRIVATE|MAP_FIXED|MAP_DENYWRITE, 3, 0x9c000) = 0x720a4549c000
20963 mmap(0x720a455d3000, 614400, PROT_READ, MAP_PRIVATE|MAP_FIXED|MAP_DENYWRITE, 3, 0x1d3000) = 0x720a455d3000
20962 +++ exited with 0 +++
20963 mmap(0x720a45669000, 57344, PROT_READ|PROT_WRITE, MAP_PRIVATE|MAP_FIXED|MAP_DENYWRITE, 3, 0x269000) = 0x720a45669000
20963 mmap(0x720a45677000, 12480, PROT_READ|PROT_WRITE, MAP_PRIVATE|MAP_FIXED|MAP_ANONYMOUS, -1, 0) = 0x720a45677000
20963 close(3)                          = 0
20963 openat(AT_FDCWD, "/usr/lib/libm.so.6", O_RDONLY|O_CLOEXEC) = 3
20963 read(3, "\177ELF\2\1\1\3\0\0\0\0\0\0\0\0\3\0>\0\1\0\0\0\0\0\0\0\0\0\0\0"..., 832) = 832
20963 fstat(3, {st_mode=S_IFREG|0755, st_size=960856, ...}) = 0
20963 mmap(NULL, 962856, PROT_READ, MAP_PRIVATE|MAP_DENYWRITE, 3, 0) = 0x720a456a2000
20963 mmap(0x720a456b0000, 524288, PROT_READ|PROT_EXEC, MAP_PRIVATE|MAP_FIXED|MAP_DENYWRITE, 3, 0xe000) = 0x720a456b0000
20963 mmap(0x720a45730000, 376832, PROT_READ, MAP_PRIVATE|MAP_FIXED|MAP_DENYWRITE, 3, 0x8e000) = 0x720a45730000
20963 mmap(0x720a4578c000, 8192, PROT_READ|PROT_WRITE, MAP_PRIVATE|MAP_FIXED|MAP_DENYWRITE, 3, 0xe9000) = 0x720a4578c000
20963 close(3)                          = 0
20963 openat(AT_FDCWD, "/usr/lib/libgcc_s.so.1", O_RDONLY|O_CLOEXEC) = 3
20963 read(3, "\177ELF\2\1\1\0\0\0\0\0\0\0\0\0\3\0>\0\1\0\0\0\0\0\0\0\0\0\0\0"..., 832) = 832
20963 fstat(3, {st_mode=S_IFREG|0644, st_size=728120, ...}) = 0
20963 mmap(NULL, 147912, PROT_READ, MAP_PRIVATE|MAP_DENYWRITE, 3, 0) = 0x720a4567d000
20963 mmap(0x720a45681000, 110592, PROT_READ|PROT_EXEC, MAP_PRIVATE|MAP_FIXED|MAP_DENYWRITE, 3, 0x4000) = 0x720a45681000
20963 mmap(0x720a4569c000, 16384, PROT_READ, MAP_PRIVATE|MAP_FIXED|MAP_DENYWRITE, 3, 0x1f000) = 0x720a4569c000
20963 mmap(0x720a456a0000, 8192, PROT_READ|PROT_WRITE, MAP_PRIVATE|MAP_FIXED|MAP_DENYWRITE, 3, 0x22000) = 0x720a456a0000
20963 close(3)                          = 0
20963 openat(AT_FDCWD, "/usr/lib/libc.so.6", O_RDONLY|O_CLOEXEC) = 3
20963 read(3, "\177ELF\2\1\1\3\0\0\0\0\0\0\0\0\3\0>\0\1\0\0\0\220^\2\0\0\0\0\0"..., 832) = 832
20963 pread64(3, "\6\0\0\0\4\0\0\0@\0\0\0\0\0\0\0@\0\0\0\0\0\0\0@\0\0\0\0\0\0\0"..., 784, 64) = 784
20963 fstat(3, {st_mode=S_IFREG|0755, st_size=1948952, ...}) = 0
20963 pread64(3, "\6\0\0\0\4\0\0\0@\0\0\0\0\0\0\0@\0\0\0\0\0\0\0@\0\0\0\0\0\0\0"..., 784, 64) = 784
20963 mmap(NULL, 1973104, PROT_READ, MAP_PRIVATE|MAP_DENYWRITE, 3, 0) = 0x720a4521e000
20963 mmap(0x720a45242000, 1421312, PROT_READ|PROT_EXEC, MAP_PRIVATE|MAP_FIXED|MAP_DENYWRITE, 3, 0x24000) = 0x720a45242000
20963 mmap(0x720a4539d000, 348160, PROT_READ, MAP_PRIVATE|MAP_FIXED|MAP_DENYWRITE, 3, 0x17f000) = 0x720a4539d000
20963 mmap(0x720a453f2000, 24576, PROT_READ|PROT_WRITE, MAP_PRIVATE|MAP_FIXED|MAP_DENYWRITE, 3, 0x1d3000) = 0x720a453f2000
20963 mmap(0x720a453f8000, 31600, PROT_READ|PROT_WRITE, MAP_PRIVATE|MAP_FIXED|MAP_ANONYMOUS, -1, 0) = 0x720a453f8000
20963 close(3)                          = 0
20963 mmap(NULL, 8192, PROT_READ|PROT_WRITE, MAP_PRIVATE|MAP_ANONYMOUS, -1, 0) = 0x720a4567b000
20963 arch_prctl(ARCH_SET_FS, 0x720a4567c500) = 0
20963 set_tid_address(0x720a4567c7d0)   = 20963
20963 set_robust_list(0x720a4567c7e0, 24) = 0
20963 rseq(0x720a4567ce20, 0x20, 0, 0x53053053) = 0
20963 mprotect(0x720a453f2000, 16384, PROT_READ) = 0
20963 mprotect(0x720a456a0000, 4096, PROT_READ) = 0
20963 mprotect(0x720a4578c000, 4096, PROT_READ) = 0
20963 mmap(NULL, 8192, PROT_READ|PROT_WRITE, MAP_PRIVATE|MAP_ANONYMOUS, -1, 0) = 0x720a4521c000
20963 mprotect(0x720a45669000, 53248, PROT_READ) = 0
20963 mprotect(0x5dc08b7f5000, 4096, PROT_READ) = 0
20963 mprotect(0x720a457de000, 8192, PROT_READ) = 0
20963 prlimit64(0, RLIMIT_STACK, NULL, {rlim_cur=8192*1024, rlim_max=RLIM64_INFINITY}) = 0
20963 munmap(0x720a45790000, 110395)    = 0
20963 futex(0x720a456776fc, FUTEX_WAKE_PRIVATE, 2147483647) = 0
20963 getrandom("\xbf\xf3\x0a\xb2\x76\x89\xdd\x20", 8, GRND_NONBLOCK) = 8
20963 brk(NULL)                         = 0x5dc08ce9e000
20963 brk(0x5dc08cebf000)               = 0x5dc08cebf000
20963 openat(AT_FDCWD, "out", O_WRONLY|O_CREAT|O_TRUNC, 0666) = 3
20963 dup3(3, 1, 0)                     = 1
20963 close(3)                          = 0
20963 fstat(0, {st_mode=S_IFIFO|0600, st_size=0, ...}) = 0
20963 read(0, "1 5 3 5\n2 8 7\n1 \n0\n789 8 55\n", 4096) = 28
20963 fstat(1, {st_mode=S_IFREG|0644, st_size=0, ...}) = 0
20963 write(1, "14\n", 3)               = 3
20963 write(1, "17\n", 3)               = 3
20963 write(1, "1\n", 2)                = 2
20963 write(1, "0\n", 2)                = 2
20963 write(1, "852\n", 4)              = 4
20963 read(0, "", 4096)                 = 0
20963 close(1)                          = 0
20963 close(0)                          = 0
20963 exit_group(0)                     = ?
20963 +++ exited with 0 +++
