20253 execve("./dloading", ["./dloading"], 0x7ffe0279f030 /* 58 vars */) = 0
20253 brk(NULL)                         = 0x63c527af6000
20253 mmap(NULL, 8192, PROT_READ|PROT_WRITE, MAP_PRIVATE|MAP_ANONYMOUS, -1, 0) = 0x734588b83000
20253 access("/etc/ld.so.preload", R_OK) = -1 ENOENT (Нет такого файла или каталога)
20253 openat(AT_FDCWD, "/home/kirill/cpp-project/OS/build/lw4/glibc-hwcaps/x86-64-v3/libimpl1.so", O_RDONLY|O_CLOEXEC) = -1 ENOENT (Нет такого файла или каталога)
20253 newfstatat(AT_FDCWD, "/home/kirill/cpp-project/OS/build/lw4/glibc-hwcaps/x86-64-v3/", 0x7ffd02f25c30, 0) = -1 ENOENT (Нет такого файла или каталога)
20253 openat(AT_FDCWD, "/home/kirill/cpp-project/OS/build/lw4/glibc-hwcaps/x86-64-v2/libimpl1.so", O_RDONLY|O_CLOEXEC) = -1 ENOENT (Нет такого файла или каталога)
20253 newfstatat(AT_FDCWD, "/home/kirill/cpp-project/OS/build/lw4/glibc-hwcaps/x86-64-v2/", 0x7ffd02f25c30, 0) = -1 ENOENT (Нет такого файла или каталога)
20253 openat(AT_FDCWD, "/home/kirill/cpp-project/OS/build/lw4/libimpl1.so", O_RDONLY|O_CLOEXEC) = 3
20253 read(3, "\177ELF\2\1\1\0\0\0\0\0\0\0\0\0\3\0>\0\1\0\0\0\0\0\0\0\0\0\0\0"..., 832) = 832
20253 fstat(3, {st_mode=S_IFREG|0755, st_size=32984, ...}) = 0
20253 mmap(NULL, 16448, PROT_READ, MAP_PRIVATE|MAP_DENYWRITE, 3, 0) = 0x734588b7e000
20253 mmap(0x734588b7f000, 4096, PROT_READ|PROT_EXEC, MAP_PRIVATE|MAP_FIXED|MAP_DENYWRITE, 3, 0x1000) = 0x734588b7f000
20253 mmap(0x734588b80000, 4096, PROT_READ, MAP_PRIVATE|MAP_FIXED|MAP_DENYWRITE, 3, 0x2000) = 0x734588b80000
20253 mmap(0x734588b81000, 8192, PROT_READ|PROT_WRITE, MAP_PRIVATE|MAP_FIXED|MAP_DENYWRITE, 3, 0x2000) = 0x734588b81000
20253 close(3)                          = 0
20253 openat(AT_FDCWD, "/home/kirill/cpp-project/OS/build/lw4/libimpl2.so", O_RDONLY|O_CLOEXEC) = 3
20253 read(3, "\177ELF\2\1\1\0\0\0\0\0\0\0\0\0\3\0>\0\1\0\0\0\0\0\0\0\0\0\0\0"..., 832) = 832
20253 fstat(3, {st_mode=S_IFREG|0755, st_size=35080, ...}) = 0
20253 mmap(NULL, 16480, PROT_READ, MAP_PRIVATE|MAP_DENYWRITE, 3, 0) = 0x734588b79000
20253 mmap(0x734588b7a000, 4096, PROT_READ|PROT_EXEC, MAP_PRIVATE|MAP_FIXED|MAP_DENYWRITE, 3, 0x1000) = 0x734588b7a000
20253 mmap(0x734588b7b000, 4096, PROT_READ, MAP_PRIVATE|MAP_FIXED|MAP_DENYWRITE, 3, 0x2000) = 0x734588b7b000
20253 mmap(0x734588b7c000, 8192, PROT_READ|PROT_WRITE, MAP_PRIVATE|MAP_FIXED|MAP_DENYWRITE, 3, 0x2000) = 0x734588b7c000
20253 close(3)                          = 0
20253 openat(AT_FDCWD, "/home/kirill/cpp-project/OS/build/lw4/libstdc++.so.6", O_RDONLY|O_CLOEXEC) = -1 ENOENT (Нет такого файла или каталога)
20253 openat(AT_FDCWD, "/etc/ld.so.cache", O_RDONLY|O_CLOEXEC) = 3
20253 fstat(3, {st_mode=S_IFREG|0644, st_size=110395, ...}) = 0
20253 mmap(NULL, 110395, PROT_READ, MAP_PRIVATE, 3, 0) = 0x734588b5e000
20253 close(3)                          = 0
20253 openat(AT_FDCWD, "/usr/lib/libstdc++.so.6", O_RDONLY|O_CLOEXEC) = 3
20253 read(3, "\177ELF\2\1\1\3\0\0\0\0\0\0\0\0\3\0>\0\1\0\0\0\0\0\0\0\0\0\0\0"..., 832) = 832
20253 fstat(3, {st_mode=S_IFREG|0755, st_size=21512744, ...}) = 0
20253 mmap(NULL, 2597056, PROT_READ, MAP_PRIVATE|MAP_DENYWRITE, 3, 0) = 0x734588800000
20253 mmap(0x73458889c000, 1273856, PROT_READ|PROT_EXEC, MAP_PRIVATE|MAP_FIXED|MAP_DENYWRITE, 3, 0x9c000) = 0x73458889c000
20253 mmap(0x7345889d3000, 614400, PROT_READ, MAP_PRIVATE|MAP_FIXED|MAP_DENYWRITE, 3, 0x1d3000) = 0x7345889d3000
20253 mmap(0x734588a69000, 57344, PROT_READ|PROT_WRITE, MAP_PRIVATE|MAP_FIXED|MAP_DENYWRITE, 3, 0x269000) = 0x734588a69000
20253 mmap(0x734588a77000, 12480, PROT_READ|PROT_WRITE, MAP_PRIVATE|MAP_FIXED|MAP_ANONYMOUS, -1, 0) = 0x734588a77000
20253 close(3)                          = 0
20253 openat(AT_FDCWD, "/home/kirill/cpp-project/OS/build/lw4/libm.so.6", O_RDONLY|O_CLOEXEC) = -1 ENOENT (Нет такого файла или каталога)
20253 openat(AT_FDCWD, "/usr/lib/libm.so.6", O_RDONLY|O_CLOEXEC) = 3
20253 read(3, "\177ELF\2\1\1\3\0\0\0\0\0\0\0\0\3\0>\0\1\0\0\0\0\0\0\0\0\0\0\0"..., 832) = 832
20253 fstat(3, {st_mode=S_IFREG|0755, st_size=960856, ...}) = 0
20253 mmap(NULL, 962856, PROT_READ, MAP_PRIVATE|MAP_DENYWRITE, 3, 0) = 0x734588714000
20253 mmap(0x734588722000, 524288, PROT_READ|PROT_EXEC, MAP_PRIVATE|MAP_FIXED|MAP_DENYWRITE, 3, 0xe000) = 0x734588722000
20253 mmap(0x7345887a2000, 376832, PROT_READ, MAP_PRIVATE|MAP_FIXED|MAP_DENYWRITE, 3, 0x8e000) = 0x7345887a2000
20253 mmap(0x7345887fe000, 8192, PROT_READ|PROT_WRITE, MAP_PRIVATE|MAP_FIXED|MAP_DENYWRITE, 3, 0xe9000) = 0x7345887fe000
20253 close(3)                          = 0
20253 openat(AT_FDCWD, "/home/kirill/cpp-project/OS/build/lw4/libgcc_s.so.1", O_RDONLY|O_CLOEXEC) = -1 ENOENT (Нет такого файла или каталога)
20253 openat(AT_FDCWD, "/usr/lib/libgcc_s.so.1", O_RDONLY|O_CLOEXEC) = 3
20253 read(3, "\177ELF\2\1\1\0\0\0\0\0\0\0\0\0\3\0>\0\1\0\0\0\0\0\0\0\0\0\0\0"..., 832) = 832
20253 fstat(3, {st_mode=S_IFREG|0644, st_size=728120, ...}) = 0
20253 mmap(NULL, 147912, PROT_READ, MAP_PRIVATE|MAP_DENYWRITE, 3, 0) = 0x734588b39000
20253 mmap(0x734588b3d000, 110592, PROT_READ|PROT_EXEC, MAP_PRIVATE|MAP_FIXED|MAP_DENYWRITE, 3, 0x4000) = 0x734588b3d000
20253 mmap(0x734588b58000, 16384, PROT_READ, MAP_PRIVATE|MAP_FIXED|MAP_DENYWRITE, 3, 0x1f000) = 0x734588b58000
20253 mmap(0x734588b5c000, 8192, PROT_READ|PROT_WRITE, MAP_PRIVATE|MAP_FIXED|MAP_DENYWRITE, 3, 0x22000) = 0x734588b5c000
20253 close(3)                          = 0
20253 openat(AT_FDCWD, "/home/kirill/cpp-project/OS/build/lw4/libc.so.6", O_RDONLY|O_CLOEXEC) = -1 ENOENT (Нет такого файла или каталога)
20253 openat(AT_FDCWD, "/usr/lib/libc.so.6", O_RDONLY|O_CLOEXEC) = 3
20253 read(3, "\177ELF\2\1\1\3\0\0\0\0\0\0\0\0\3\0>\0\1\0\0\0\220^\2\0\0\0\0\0"..., 832) = 832
20253 pread64(3, "\6\0\0\0\4\0\0\0@\0\0\0\0\0\0\0@\0\0\0\0\0\0\0@\0\0\0\0\0\0\0"..., 784, 64) = 784
20253 fstat(3, {st_mode=S_IFREG|0755, st_size=1948952, ...}) = 0
20253 pread64(3, "\6\0\0\0\4\0\0\0@\0\0\0\0\0\0\0@\0\0\0\0\0\0\0@\0\0\0\0\0\0\0"..., 784, 64) = 784
20253 mmap(NULL, 1973104, PROT_READ, MAP_PRIVATE|MAP_DENYWRITE, 3, 0) = 0x734588532000
20253 mmap(0x734588556000, 1421312, PROT_READ|PROT_EXEC, MAP_PRIVATE|MAP_FIXED|MAP_DENYWRITE, 3, 0x24000) = 0x734588556000
20253 mmap(0x7345886b1000, 348160, PROT_READ, MAP_PRIVATE|MAP_FIXED|MAP_DENYWRITE, 3, 0x17f000) = 0x7345886b1000
20253 mmap(0x734588706000, 24576, PROT_READ|PROT_WRITE, MAP_PRIVATE|MAP_FIXED|MAP_DENYWRITE, 3, 0x1d3000) = 0x734588706000
20253 mmap(0x73458870c000, 31600, PROT_READ|PROT_WRITE, MAP_PRIVATE|MAP_FIXED|MAP_ANONYMOUS, -1, 0) = 0x73458870c000
20253 close(3)                          = 0
20253 mmap(NULL, 8192, PROT_READ|PROT_WRITE, MAP_PRIVATE|MAP_ANONYMOUS, -1, 0) = 0x734588b37000
20253 mmap(NULL, 12288, PROT_READ|PROT_WRITE, MAP_PRIVATE|MAP_ANONYMOUS, -1, 0) = 0x734588b34000
20253 arch_prctl(ARCH_SET_FS, 0x734588b34740) = 0
20253 set_tid_address(0x734588b34a10)   = 20253
20253 set_robust_list(0x734588b34a20, 24) = 0
20253 rseq(0x734588b35060, 0x20, 0, 0x53053053) = 0
20253 mprotect(0x734588706000, 16384, PROT_READ) = 0
20253 mprotect(0x734588b5c000, 4096, PROT_READ) = 0
20253 mprotect(0x7345887fe000, 4096, PROT_READ) = 0
20253 mprotect(0x734588a69000, 53248, PROT_READ) = 0
20253 mprotect(0x734588b7c000, 4096, PROT_READ) = 0
20253 mprotect(0x734588b81000, 4096, PROT_READ) = 0
20253 mprotect(0x63c5261d8000, 4096, PROT_READ) = 0
20253 mprotect(0x734588bb8000, 8192, PROT_READ) = 0
20253 prlimit64(0, RLIMIT_STACK, NULL, {rlim_cur=8192*1024, rlim_max=RLIM64_INFINITY}) = 0
20253 munmap(0x734588b5e000, 110395)    = 0
20253 futex(0x734588a776fc, FUTEX_WAKE_PRIVATE, 2147483647) = 0
20253 getrandom("\x0f\x7d\x34\x75\xe0\x6f\xd2\x6e", 8, GRND_NONBLOCK) = 8
20253 brk(NULL)                         = 0x63c527af6000
20253 brk(0x63c527b17000)               = 0x63c527b17000
20253 openat(AT_FDCWD, "in_load", O_RDONLY) = 3
20253 dup3(3, 0, 0)                     = 0
20253 close(3)                          = 0
20253 fstat(0, {st_mode=S_IFREG|0644, st_size=63, ...}) = 0
20253 read(0, "1 10\n2 10 10 9 8 7 6 5 4 3 2 1\n0"..., 4096) = 63
20253 fstat(1, {st_mode=S_IFCHR|0620, st_rdev=makedev(0x88, 0), ...}) = 0
20253 write(1, "Impl 1\n", 7)           = 7
20253 write(1, "2.59374\n", 8)          = 8
20253 write(1, "1 2 3 4 5 6 7 8 9 10 \n", 22) = 22
20253 write(1, "Impl 2\n", 7)           = 7
20253 write(1, "2.71828\n", 8)          = 8
20253 read(0, "", 4096)                 = 0
20253 write(1, "1 2 3 4 5 6 7 8 9 10 \n", 22) = 22
20253 exit_group(0)                     = ?
20253 +++ exited with 0 +++
